SF:src\xlviews\__init__.py
DA:1,1
DA:3,1
DA:4,1
DA:5,1
DA:6,1
DA:7,1
DA:8,1
DA:9,1
DA:10,1
DA:11,1
DA:12,1
DA:13,1
DA:15,1
LF:13
LH:13
end_of_record
SF:src\xlviews\chart\__init__.py
end_of_record
SF:src\xlviews\chart\axes.py
DA:1,1
DA:3,1
DA:4,1
DA:6,1
DA:7,1
DA:9,1
DA:10,1
DA:11,1
DA:13,1
DA:14,1
DA:30,1
DA:36,1
DA:37,1
DA:39,1
DA:40,1
DA:42,1
DA:43,1
DA:44,1
DA:45,1
DA:46,1
DA:47,1
DA:48,1
DA:49,1
DA:50,1
DA:52,1
DA:53,1
DA:54,1
DA:55,1
DA:56,1
DA:57,1
DA:58,1
DA:59,1
DA:60,1
DA:62,1
DA:63,1
DA:64,1
DA:66,1
DA:69,1
DA:70,1
DA:71,1
DA:72,1
DA:73,1
DA:75,1
DA:76,1
DA:92,1
DA:94,1
DA:95,1
DA:96,1
DA:97,1
DA:99,1
DA:101,1
DA:102,1
DA:104,1
DA:106,1
DA:107,1
DA:110,1
DA:111,1
DA:112,1
DA:114,1
DA:115,1
DA:117,1
DA:118,1
DA:120,1
DA:122,1
DA:123,1
DA:131,1
DA:132,1
DA:133,1
DA:134,1
DA:136,1
DA:137,1
DA:138,1
DA:140,1
DA:141,1
DA:142,1
DA:144,1
DA:159,1
DA:160,1
DA:161,1
DA:162,1
DA:164,1
DA:165,1
DA:166,1
DA:167,1
DA:169,1
DA:170,1
DA:177,1
DA:178,1
DA:180,1
DA:181,1
DA:183,1
DA:185,1
DA:186,1
DA:187,1
DA:189,1
DA:190,1
DA:192,1
DA:194,1
DA:195,1
DA:196,1
DA:198,1
DA:206,1
DA:208,1
DA:209,1
DA:210,1
DA:212,1
DA:213,1
DA:214,1
DA:216,1
DA:217,1
DA:218,1
DA:220,1
DA:221,1
DA:222,1
DA:224,1
DA:225,1
DA:226,1
DA:228,1
DA:229,1
DA:230,1
DA:232,1
DA:233,1
DA:234,1
DA:236,1
DA:237,1
DA:239,1
DA:240,1
DA:242,1
DA:243,1
DA:244,1
DA:246,1
DA:247,1
DA:248,1
DA:250,1
DA:251,1
DA:252,1
DA:254,1
DA:255,1
DA:256,1
DA:258,1
DA:264,1
DA:266,1
DA:272,1
DA:274,1
DA:275,1
DA:277,1
DA:278,1
DA:280,1
DA:281,1
DA:282,1
DA:284,1
DA:285,1
DA:286,1
DA:288,1
DA:289,1
DA:290,1
DA:292,1
DA:293,1
DA:294,1
DA:296,1
DA:297,1
DA:310,1
DA:311,1
DA:312,1
DA:313,1
DA:314,1
DA:315,1
DA:316,1
DA:317,1
DA:318,1
DA:319,1
DA:320,1
DA:321,1
DA:322,1
DA:323,1
DA:324,1
DA:325,1
DA:326,1
DA:327,1
DA:329,1
DA:330,1
DA:331,1
DA:332,1
DA:334,1
DA:336,1
DA:337,1
DA:338,1
DA:339,1
DA:341,1
DA:342,1
DA:358,1
DA:359,1
DA:360,1
DA:362,1
DA:363,1
DA:365,1
DA:366,1
DA:367,1
DA:368,1
DA:369,1
DA:372,1
DA:373,1
DA:375,1
DA:376,1
DA:377,1
DA:379,1
DA:380,1
DA:381,1
DA:382,1
DA:383,1
DA:384,1
DA:386,1
DA:387,1
DA:388,1
DA:389,1
DA:390,1
DA:391,1
DA:393,1
DA:395,1
DA:396,1
DA:397,1
DA:398,1
DA:399,1
DA:400,1
DA:401,1
DA:403,1
DA:404,1
DA:405,1
DA:406,1
DA:408,1
DA:409,1
DA:410,1
DA:411,1
DA:412,1
DA:414,1
DA:415,1
DA:417,1
DA:419,1
DA:421,1
DA:422,1
DA:423,1
DA:424,1
DA:426,1
DA:427,1
DA:429,1
DA:430,1
DA:431,1
DA:433,1
DA:434,1
DA:435,1
DA:437,1
DA:438,1
DA:439,1
DA:440,1
DA:442,1
DA:444,1
DA:447,1
DA:451,1
DA:453,1
DA:455,1
DA:456,1
DA:458,1
DA:460,1
DA:461,1
DA:462,1
DA:463,1
DA:464,1
DA:465,1
DA:467,1
DA:468,1
DA:469,1
DA:470,1
DA:471,1
DA:473,1
DA:474,1
DA:475,1
DA:476,1
DA:477,1
DA:479,1
LF:279
LH:279
FN:30,66,chart_position
FNDA:1,chart_position
FN:76,120,Axes.__init__
FNDA:1,Axes.__init__
FN:123,157,Axes.copy
FNDA:1,Axes.copy
FN:160,162,Axes.xaxis
FNDA:1,Axes.xaxis
FN:165,167,Axes.yaxis
FNDA:1,Axes.yaxis
FN:170,183,Axes.add_series
FNDA:1,Axes.add_series
FN:186,192,Axes.title
FNDA:1,Axes.title
FN:195,196,Axes.title
FNDA:1,Axes.title
FN:198,218,Axes.set_title
FNDA:1,Axes.set_title
FN:221,222,Axes.xlabel
FNDA:1,Axes.xlabel
FN:225,226,Axes.xlabel
FNDA:1,Axes.xlabel
FN:229,230,Axes.ylabel
FNDA:1,Axes.ylabel
FN:233,234,Axes.ylabel
FNDA:1,Axes.ylabel
FN:236,237,Axes.set_xlabel
FNDA:1,Axes.set_xlabel
FN:239,240,Axes.set_ylabel
FNDA:1,Axes.set_ylabel
FN:243,244,Axes.xticks
FNDA:1,Axes.xticks
FN:247,248,Axes.xticks
FNDA:1,Axes.xticks
FN:251,252,Axes.yticks
FNDA:1,Axes.yticks
FN:255,256,Axes.yticks
FNDA:1,Axes.yticks
FN:258,264,Axes.set_xticks
FNDA:1,Axes.set_xticks
FN:266,272,Axes.set_yticks
FNDA:1,Axes.set_yticks
FN:274,275,Axes.set_xtick_labels
FNDA:1,Axes.set_xtick_labels
FN:277,278,Axes.set_ytick_labels
FNDA:1,Axes.set_ytick_labels
FN:281,282,Axes.xscale
FNDA:1,Axes.xscale
FN:285,286,Axes.xscale
FNDA:1,Axes.xscale
FN:289,290,Axes.yscale
FNDA:1,Axes.yscale
FN:293,294,Axes.yscale
FNDA:1,Axes.yscale
FN:297,334,Axes.set
FNDA:1,Axes.set
FN:336,339,Axes.delete_legend
FNDA:1,Axes.delete_legend
FN:342,419,Axes.legend
FNDA:1,Axes.legend
FN:421,451,Axes.tight_layout
FNDA:1,Axes.tight_layout
FN:453,479,Axes.style
FNDA:1,Axes.style
FNF:32
FNH:32
end_of_record
SF:src\xlviews\chart\series.py
DA:1,1
DA:3,1
DA:5,1
DA:6,1
DA:8,1
DA:9,1
DA:10,1
DA:12,1
DA:18,1
DA:19,1
DA:20,1
DA:22,1
DA:30,1
DA:31,1
DA:32,1
DA:34,1
DA:35,1
DA:37,1
DA:38,1
DA:39,1
DA:42,1
DA:44,1
DA:45,1
DA:46,1
DA:48,1
DA:49,1
DA:50,1
DA:52,1
DA:53,1
DA:54,1
DA:56,1
DA:57,1
DA:58,1
DA:60,1
DA:61,1
DA:62,1
DA:64,1
DA:65,1
DA:66,1
DA:67,1
DA:69,1
DA:71,1
DA:72,1
DA:73,1
DA:75,1
DA:76,1
DA:77,1
DA:78,1
DA:80,1
DA:82,1
DA:83,1
DA:85,1
DA:96,1
DA:97,1
DA:99,1
DA:100,1
DA:101,1
DA:103,1
DA:104,1
DA:106,1
DA:114,1
DA:116,1
DA:117,1
DA:118,1
DA:119,1
DA:121,1
DA:123,1
DA:132,1
DA:133,1
DA:135,1
DA:137,1
DA:138,1
DA:139,1
DA:140,1
DA:142,1
DA:145,1
DA:146,1
DA:147,1
DA:148,1
DA:149,1
DA:152,1
DA:153,1
DA:154,1
DA:155,1
DA:156,1
DA:157,1
DA:160,1
DA:167,1
DA:168,1
DA:170,1
DA:171,1
DA:172,1
DA:173,1
DA:174,1
DA:175,1
DA:177,1
LF:96
LH:96
FN:22,42,Series.__init__
FNDA:1,Series.__init__
FN:45,46,Series.label
FNDA:1,Series.label
FN:49,50,Series.label
FNDA:1,Series.label
FN:53,54,Series.chart_type
FNDA:1,Series.chart_type
FN:57,58,Series.chart_type
FNDA:1,Series.chart_type
FN:61,62,Series.x
FNDA:1,Series.x
FN:65,69,Series.x
FNDA:1,Series.x
FN:72,73,Series.y
FNDA:1,Series.y
FN:76,80,Series.y
FNDA:1,Series.y
FN:82,83,Series.delete
FNDA:1,Series.delete
FN:85,104,Series.set
FNDA:1,Series.set
FN:106,121,Series.marker
FNDA:1,Series.marker
FN:123,142,Series.line
FNDA:1,Series.line
FN:145,149,set_marker
FNDA:1,set_marker
FN:152,157,set_fill
FNDA:1,set_fill
FN:160,177,set_line
FNDA:1,set_line
FNF:16
FNH:16
end_of_record
SF:src\xlviews\chart\style.py
DA:3,1
DA:5,1
DA:7,1
DA:9,1
DA:10,1
DA:11,1
DA:13,1
DA:26,1
DA:39,1
DA:48,1
DA:49,1
DA:50,1
DA:52,1
DA:55,1
DA:56,1
DA:57,1
DA:59,1
DA:62,1
DA:63,1
DA:64,1
DA:66,1
DA:69,1
DA:76,1
DA:77,1
DA:78,1
DA:80,1
DA:81,1
DA:82,1
DA:84,1
DA:85,1
DA:87,1
DA:90,1
DA:91,1
DA:99,1
DA:108,1
DA:110,1
DA:111,1
DA:112,1
DA:113,1
DA:115,1
DA:116,1
DA:118,1
DA:119,1
DA:121,1
DA:122,1
DA:124,1
DA:125,1
DA:127,1
DA:129,1
DA:130,1
DA:132,1
DA:133,1
DA:135,1
DA:137,1
DA:138,1
DA:141,1
DA:147,1
DA:148,1
DA:149,1
DA:151,1
DA:152,1
DA:155,1
DA:156,1
DA:157,1
DA:159,1
DA:160,1
DA:165,1
DA:166,1
DA:167,1
DA:168,1
DA:170,1
DA:171,1
DA:172,1
DA:177,1
DA:184,1
DA:185,1
DA:187,1
DA:188,1
DA:190,1
DA:191,1
DA:193,1
DA:194,1
DA:197,1
DA:203,1
DA:204,1
DA:205,1
DA:207,1
DA:208,1
DA:209,1
DA:211,1
DA:212,1
DA:213,1
LF:92
LH:92
FN:48,52,get_marker_style
FNDA:1,get_marker_style
FN:55,59,get_line_style
FNDA:1,get_line_style
FN:62,66,get_axis_label
FNDA:1,get_axis_label
FN:69,87,set_axis_label
FNDA:1,set_axis_label
FN:90,96,get_ticks
FNDA:1,get_ticks
FN:99,138,set_ticks
FNDA:1,set_ticks
FN:141,152,set_tick_labels
FNDA:1,set_tick_labels
FN:155,162,get_axis_scale
FNDA:1,get_axis_scale
FN:165,174,set_axis_scale
FNDA:1,set_axis_scale
FN:177,194,set_dimensions
FNDA:1,set_dimensions
FN:197,213,set_area_format
FNDA:1,set_area_format
FNF:11
FNH:11
end_of_record
SF:src\xlviews\colors.py
DA:1,1
DA:3,1
DA:6,1
DA:31,1
DA:32,1
DA:34,1
DA:35,1
DA:37,1
DA:38,1
DA:40,1
DA:41,1
DA:42,1
DA:44,1
DA:46,1
DA:47,1
DA:49,1
DA:50,1
DA:53,1
LF:18
LH:18
FN:6,50,rgb
FNDA:1,rgb
FNF:1
FNH:1
end_of_record
SF:src\xlviews\config.py
DA:9,1
DA:11,1
DA:12,1
DA:13,1
DA:15,1
DA:18,1
DA:19,1
DA:20,1
DA:23,1
DA:24,1
DA:26,1
DA:27,1
DA:29,1
DA:30,1
DA:31,1
DA:33,1
DA:34,1
DA:36,1
DA:38,1
DA:39,1
DA:40,1
DA:42,1
DA:43,1
DA:45,1
DA:47,1
DA:48,1
DA:49,1
DA:50,1
DA:51,1
DA:54,1
LF:30
LH:30
FN:18,20,load_config
FNDA:1,load_config
FN:26,27,Config.__init__
FNDA:1,Config.__init__
FN:29,36,Config.__getitem__
FNDA:1,Config.__getitem__
FN:38,45,Config.__setitem__
FNDA:1,Config.__setitem__
FN:47,51,Config.get
FNDA:1,Config.get
FNF:5
FNH:5
end_of_record
SF:src\xlviews\core\__init__.py
end_of_record
SF:src\xlviews\core\address.py
DA:1,1
DA:3,1
DA:6,1
DA:7,1
DA:20,1
DA:21,1
DA:22,1
DA:23,1
DA:24,1
DA:26,1
DA:29,1
DA:30,1
DA:43,1
DA:44,1
DA:45,1
DA:47,1
LF:16
LH:16
FN:7,26,index_to_column_name
FNDA:1,index_to_column_name
FN:30,47,column_name_to_index
FNDA:1,column_name_to_index
FNF:2
FNH:2
end_of_record
SF:src\xlviews\core\formula.py
DA:1,1
DA:3,1
DA:5,1
DA:7,1
DA:8,1
DA:14,1
DA:16,1
DA:19,1
DA:21,1
DA:22,1
DA:24,1
DA:25,1
DA:26,1
DA:27,1
DA:29,1
DA:30,1
DA:31,1
DA:33,1
DA:36,1
DA:47,1
DA:48,1
DA:49,1
DA:52,1
DA:58,1
DA:59,1
DA:60,1
DA:61,1
DA:63,1
DA:64,1
DA:66,1
DA:67,1
DA:69,1
DA:71,1
DA:72,1
DA:74,1
DA:75,1
DA:76,1
DA:78,1
DA:79,1
DA:81,1
DA:82,1
DA:83,1
DA:84,1
DA:87,1
DA:98,1
DA:108,1
DA:109,1
DA:111,1
LF:48
LH:48
FN:19,33,const
FNDA:1,const
FN:52,84,_aggregate
FNDA:1,_aggregate
FN:87,111,aggregate
FNDA:1,aggregate
FNF:3
FNH:3
end_of_record
SF:src\xlviews\core\index.py
DA:1,1
DA:3,1
DA:4,1
DA:6,1
DA:7,1
DA:16,1
DA:19,1
DA:20,1
DA:22,1
DA:23,1
DA:24,1
DA:26,1
DA:27,1
DA:29,1
DA:30,1
DA:31,1
DA:32,1
DA:34,1
DA:35,1
DA:36,1
DA:37,1
DA:39,1
DA:42,1
DA:43,1
DA:44,1
DA:46,1
DA:51,1
DA:53,1
DA:54,1
DA:55,1
DA:56,1
DA:58,1
DA:60,1
DA:61,1
DA:63,1
DA:64,1
DA:65,1
DA:67,1
DA:68,1
DA:80,1
DA:82,1
DA:90,1
DA:92,1
DA:100,1
DA:101,1
DA:103,1
DA:117,1
DA:118,1
DA:120,1
DA:122,1
DA:139,1
DA:140,1
DA:142,1
DA:144,1
DA:158,1
DA:159,1
DA:160,1
DA:161,1
DA:163,1
DA:164,1
DA:165,1
DA:169,1
DA:175,1
DA:178,1
DA:179,1
DA:181,1
DA:183,1
DA:185,1
DA:186,1
LF:69
LH:69
FN:19,20,WideIndex.__len__
FNDA:1,WideIndex.__len__
FN:23,24,WideIndex.names
FNDA:1,WideIndex.names
FN:26,27,WideIndex.to_list
FNDA:1,WideIndex.to_list
FN:29,32,WideIndex.get_loc
FNDA:1,WideIndex.get_loc
FN:34,39,WideIndex.append
FNDA:1,WideIndex.append
FN:46,58,Index.__init__
FNDA:1,Index.__init__
FN:60,61,Index.__len__
FNDA:1,Index.__len__
FN:64,65,Index.names
FNDA:1,Index.names
FN:68,80,Index.nlevels
FNDA:1,Index.nlevels
FN:82,90,Index.to_list
FNDA:1,Index.to_list
FN:92,101,Index.__iter__
FNDA:1,Index.__iter__
FN:103,120,Index.__contains__
FNDA:1,Index.__contains__
FN:122,142,Index.append
FNDA:1,Index.append
FN:144,167,Index.get_loc
FNDA:1,Index.get_loc
FN:169,183,Index.get_indexer
FNDA:1,Index.get_indexer
FN:185,186,Index.to_frame
FNDA:1,Index.to_frame
FNF:16
FNH:16
end_of_record
SF:src\xlviews\core\range.py
DA:1,1
DA:3,1
DA:5,1
DA:6,1
DA:7,1
DA:8,1
DA:10,1
DA:19,1
DA:20,1
DA:21,1
DA:22,1
DA:23,1
DA:24,1
DA:26,1
DA:32,1
DA:34,1
DA:35,1
DA:36,1
DA:37,1
DA:39,1
DA:40,1
DA:42,1
DA:43,1
DA:44,1
DA:47,1
DA:48,1
DA:50,1
DA:51,1
DA:52,1
DA:53,1
DA:54,1
DA:56,1
DA:57,1
DA:59,1
DA:60,1
DA:61,1
DA:62,1
DA:64,1
DA:65,1
DA:66,1
DA:68,1
DA:69,1
DA:70,1
DA:72,1
DA:73,1
DA:74,1
DA:76,1
DA:77,1
DA:78,1
DA:80,1
DA:81,1
DA:82,1
DA:84,1
DA:85,1
DA:91,1
DA:99,1
DA:107,1
DA:109,1
DA:117,1
DA:127,1
DA:128,1
DA:129,1
DA:130,1
DA:131,1
DA:133,1
DA:134,1
DA:135,1
DA:137,1
DA:138,1
DA:139,1
DA:141,1
DA:142,1
DA:143,1
DA:145,1
DA:146,1
DA:147,1
DA:154,1
DA:164,1
DA:165,1
DA:167,1
DA:168,1
DA:176,1
DA:177,1
DA:179,1
DA:182,1
DA:191,1
DA:192,1
DA:194,1
DA:195,1
DA:196,1
DA:197,1
DA:199,1
DA:201,1
DA:202,1
DA:203,1
DA:204,1
DA:206,1
DA:207,1
DA:208,1
DA:209,1
DA:211,1
DA:212,1
DA:215,1
DA:216,1
DA:217,1
DA:220,1
DA:221,1
DA:231,1
DA:232,1
DA:233,1
DA:235,1
DA:236,1
DA:237,1
DA:238,1
DA:240,1
DA:242,1
DA:243,1
DA:245,1
DA:246,1
DA:247,1
DA:249,1
LF:121
LH:121
FN:26,48,Range.__init__
FNDA:1,Range.__init__
FN:51,54,Range.from_range
FNDA:1,Range.from_range
FN:56,57,Range.__len__
FNDA:1,Range.__len__
FN:59,62,Range.__iter__
FNDA:1,Range.__iter__
FN:64,74,Range.__getitem__
FNDA:1,Range.__getitem__
FN:77,78,Range.last_cell
FNDA:1,Range.last_cell
FN:80,82,Range.__repr__
FNDA:1,Range.__repr__
FN:84,89,Range.offset
FNDA:1,Range.offset
FN:91,107,Range.get_address
FNDA:1,Range.get_address
FN:109,125,Range.iter_addresses
FNDA:1,Range.iter_addresses
FN:128,131,Range.impl
FNDA:1,Range.impl
FN:134,135,Range.value
FNDA:1,Range.value
FN:138,139,Range.value
FNDA:1,Range.value
FN:142,143,Range.api
FNDA:1,Range.api
FN:146,151,Range.frame
FNDA:1,Range.frame
FN:154,179,iter_addresses
FNDA:1,iter_addresses
FN:182,217,_iter_addresses
FNDA:1,_iter_addresses
FN:221,249,FrameRange.get_address
FNDA:1,FrameRange.get_address
FNF:18
FNH:18
end_of_record
SF:src\xlviews\core\range_collection.py
DA:1,1
DA:3,1
DA:4,1
DA:6,1
DA:14,1
DA:15,1
DA:17,1
DA:23,1
DA:25,1
DA:26,1
DA:27,1
DA:28,1
DA:30,1
DA:31,1
DA:33,1
DA:34,1
DA:36,1
DA:43,1
DA:49,1
DA:51,1
DA:60,1
DA:70,1
DA:71,1
DA:72,1
DA:74,1
DA:75,1
DA:77,1
DA:78,1
DA:80,1
DA:81,1
DA:83,1
DA:86,1
DA:92,1
DA:93,1
DA:95,1
DA:96,1
DA:97,1
DA:98,1
DA:100,1
DA:101,1
DA:102,1
DA:103,1
DA:106,1
DA:107,1
LF:44
LH:44
FN:17,23,RangeCollection.__init__
FNDA:1,RangeCollection.__init__
FN:25,28,RangeCollection.__repr__
FNDA:1,RangeCollection.__repr__
FN:30,31,RangeCollection.__len__
FNDA:1,RangeCollection.__len__
FN:33,34,RangeCollection.__iter__
FNDA:1,RangeCollection.__iter__
FN:36,49,RangeCollection.get_address
FNDA:1,RangeCollection.get_address
FN:51,68,RangeCollection.iter_addresses
FNDA:1,RangeCollection.iter_addresses
FN:71,83,RangeCollection.api
FNDA:1,RangeCollection.api
FN:86,107,_iter_ranges_from_index
FNDA:1,_iter_ranges_from_index
FNF:8
FNH:8
end_of_record
SF:src\xlviews\dataframes\__init__.py
end_of_record
SF:src\xlviews\dataframes\colorbar.py
DA:1,1
DA:3,1
DA:5,1
DA:7,1
DA:8,1
DA:9,1
DA:10,1
DA:11,1
DA:23,1
DA:24,1
DA:25,1
DA:26,1
DA:27,1
DA:28,1
DA:29,1
DA:31,1
DA:39,1
DA:40,1
DA:42,1
DA:43,1
DA:44,1
DA:45,1
DA:46,1
DA:49,1
DA:50,1
DA:51,1
DA:52,1
DA:54,1
DA:61,1
DA:62,1
DA:63,1
DA:64,1
DA:65,1
DA:66,1
DA:68,1
DA:70,1
DA:71,1
DA:73,1
DA:75,1
DA:76,1
DA:77,1
DA:78,1
DA:80,1
DA:81,1
DA:82,1
DA:83,1
DA:85,1
DA:86,1
DA:87,1
DA:88,1
DA:89,1
DA:91,1
DA:93,1
DA:94,1
DA:95,1
DA:96,1
DA:97,1
DA:99,1
DA:101,1
DA:102,1
DA:103,1
DA:104,1
DA:106,1
DA:107,1
DA:108,1
DA:109,1
DA:110,1
DA:111,1
DA:113,1
DA:114,1
DA:115,1
DA:116,1
DA:117,1
DA:118,1
DA:119,1
DA:121,1
DA:122,1
DA:124,1
DA:125,1
DA:126,1
DA:127,1
DA:128,1
DA:130,1
DA:132,1
DA:133,1
DA:134,1
DA:136,1
DA:137,1
DA:139,1
DA:140,1
DA:141,1
DA:142,1
DA:144,1
DA:145,1
DA:147,1
DA:148,1
DA:150,1
DA:152,1
DA:153,1
DA:155,1
LF:100
LH:100
FN:31,52,Colorbar.__init__
FNDA:1,Colorbar.__init__
FN:54,73,Colorbar.set
FNDA:1,Colorbar.set
FN:76,78,Colorbar.vmin
FNDA:1,Colorbar.vmin
FN:81,83,Colorbar.vmax
FNDA:1,Colorbar.vmax
FN:86,91,Colorbar.vmin
FNDA:1,Colorbar.vmin
FN:94,99,Colorbar.vmax
FNDA:1,Colorbar.vmax
FN:102,104,Colorbar.label
FNDA:1,Colorbar.label
FN:107,111,Colorbar.label
FNDA:1,Colorbar.label
FN:113,134,Colorbar.draw
FNDA:1,Colorbar.draw
FN:136,137,Colorbar.apply
FNDA:1,Colorbar.apply
FN:139,148,Colorbar.autofit
FNDA:1,Colorbar.autofit
FN:150,155,Colorbar.set_adjacent_column_width
FNDA:1,Colorbar.set_adjacent_column_width
FNF:12
FNH:12
end_of_record
SF:src\xlviews\dataframes\dist_frame.py
DA:1,1
DA:3,1
DA:5,1
DA:6,1
DA:8,1
DA:9,1
DA:11,1
DA:14,1
DA:15,1
DA:17,1
DA:18,1
DA:25,1
DA:26,1
DA:27,1
DA:28,1
DA:30,1
DA:32,1
DA:33,1
DA:34,1
DA:35,1
DA:36,1
DA:38,1
DA:40,1
DA:41,1
DA:42,1
DA:44,1
DA:50,1
DA:51,1
DA:52,1
DA:54,1
DA:55,1
DA:56,1
DA:58,1
DA:59,1
DA:60,1
DA:61,1
DA:63,1
DA:64,1
DA:66,1
DA:67,1
DA:69,1
DA:70,1
DA:72,1
DA:73,1
DA:75,1
DA:76,1
DA:78,1
DA:79,1
DA:80,1
DA:81,1
DA:179,1
DA:180,1
DA:181,1
DA:183,1
DA:184,1
DA:185,1
DA:186,1
DA:188,1
DA:189,1
DA:190,1
DA:192,1
DA:195,1
DA:196,1
DA:197,1
DA:198,1
DA:201,1
DA:202,1
DA:203,1
DA:205,1
DA:206,1
DA:207,1
DA:209,1
DA:212,1
DA:213,1
DA:214,1
DA:215,1
DA:218,1
DA:219,1
DA:220,1
DA:221,1
DA:222,1
DA:225,1
DA:226,1
DA:227,1
DA:229,1
DA:230,1
DA:232,1
DA:233,1
DA:235,1
DA:236,1
DA:239,1
DA:240,1
DA:241,1
LF:93
LH:93
FN:18,42,DistFrame.__init__
FNDA:1,DistFrame.__init__
FN:44,81,DistFrame.set_values
FNDA:1,DistFrame.set_values
FN:179,192,select_index
FNDA:1,select_index
FN:195,198,get_init_data
FNDA:1,get_init_data
FN:201,209,get_dist_func
FNDA:1,get_dist_func
FN:212,215,counter
FNDA:1,counter
FN:218,222,sorted_value
FNDA:1,sorted_value
FN:225,236,sigma_value
FNDA:1,sigma_value
FN:239,241,set_formula
FNDA:1,set_formula
FNF:9
FNH:9
end_of_record
SF:src\xlviews\dataframes\groupby.py
DA:1,1
DA:3,1
DA:4,1
DA:6,1
DA:7,1
DA:8,1
DA:10,1
DA:11,1
DA:12,1
DA:13,1
DA:21,1
DA:22,1
DA:24,1
DA:25,1
DA:27,1
DA:30,1
DA:34,1
DA:35,1
DA:37,1
DA:39,1
DA:41,1
DA:42,1
DA:44,1
DA:45,1
DA:47,1
DA:49,1
DA:50,1
DA:52,1
DA:55,1
DA:62,1
DA:65,1
DA:66,1
DA:67,1
DA:68,1
DA:70,1
DA:71,1
DA:73,1
DA:74,1
DA:76,1
DA:77,1
DA:80,1
DA:81,1
DA:82,1
DA:83,1
DA:85,1
DA:92,1
DA:93,1
DA:94,1
DA:96,1
DA:97,1
DA:99,1
DA:100,1
DA:102,1
DA:103,1
DA:105,1
DA:106,1
DA:108,1
DA:109,1
DA:111,1
DA:112,1
DA:114,1
DA:124,1
DA:125,1
DA:126,1
DA:129,1
DA:130,1
DA:131,1
DA:133,1
DA:143,1
DA:144,1
DA:146,1
DA:147,1
DA:149,1
DA:151,1
DA:162,1
DA:165,1
DA:166,1
DA:167,1
DA:168,1
DA:170,1
DA:172,1
DA:173,1
DA:175,1
DA:184,1
DA:193,1
DA:194,1
DA:195,1
DA:196,1
DA:198,1
DA:199,1
DA:200,1
DA:202,1
DA:203,1
DA:204,1
DA:206,1
DA:207,1
DA:208,1
DA:209,1
DA:210,1
DA:211,1
DA:213,1
DA:214,1
DA:215,1
LF:103
LH:103
FN:21,27,to_dict
FNDA:1,to_dict
FN:30,52,create_group_index
FNDA:1,create_group_index
FN:55,77,groupby
FNDA:1,groupby
FN:85,94,GroupBy.__init__
FNDA:1,GroupBy.__init__
FN:96,97,GroupBy.__len__
FNDA:1,GroupBy.__len__
FN:99,100,GroupBy.keys
FNDA:1,GroupBy.keys
FN:102,103,GroupBy.values
FNDA:1,GroupBy.values
FN:105,106,GroupBy.items
FNDA:1,GroupBy.items
FN:108,109,GroupBy.__iter__
FNDA:1,GroupBy.__iter__
FN:111,112,GroupBy.__getitem__
FNDA:1,GroupBy.__getitem__
FN:114,149,GroupBy.index
FNDA:1,GroupBy.index
FN:151,204,GroupBy.agg
FNDA:1,GroupBy.agg
FN:206,215,GroupBy._agg
FNDA:1,GroupBy._agg
FNF:13
FNH:13
end_of_record
SF:src\xlviews\dataframes\heat_frame.py
DA:1,1
DA:3,1
DA:5,1
DA:6,1
DA:8,1
DA:9,1
DA:10,1
DA:11,1
DA:12,1
DA:14,1
DA:15,1
DA:25,1
DA:26,1
DA:27,1
DA:28,1
DA:30,1
DA:31,1
DA:40,1
DA:42,1
DA:44,1
DA:46,1
DA:47,1
DA:48,1
DA:50,1
DA:51,1
DA:53,1
DA:58,1
DA:60,1
DA:61,1
DA:62,1
DA:63,1
DA:65,1
DA:66,1
DA:68,1
DA:76,1
DA:77,1
DA:79,1
DA:80,1
DA:81,1
DA:83,1
DA:90,1
DA:91,1
DA:92,1
DA:94,1
DA:95,1
DA:96,1
DA:97,1
DA:99,1
DA:100,1
DA:101,1
DA:103,1
DA:104,1
DA:113,1
DA:114,1
DA:115,1
DA:116,1
DA:118,1
DA:119,1
DA:131,1
DA:132,1
DA:133,1
DA:134,1
DA:136,1
DA:137,1
DA:139,1
DA:140,1
DA:142,1
DA:143,1
DA:145,1
DA:146,1
DA:147,1
DA:148,1
DA:150,1
DA:152,1
DA:153,1
DA:156,1
DA:157,1
DA:159,1
DA:160,1
DA:162,1
DA:163,1
DA:165,1
DA:167,1
DA:170,1
DA:176,1
DA:177,1
DA:178,1
DA:180,1
DA:181,1
DA:183,1
DA:184,1
DA:185,1
DA:187,1
DA:188,1
DA:191,1
DA:194,1
DA:199,1
DA:200,1
DA:202,1
DA:203,1
DA:205,1
LF:101
LH:101
FN:31,51,HeatFrame.__init__
FNDA:1,HeatFrame.__init__
FN:53,66,HeatFrame.set
FNDA:1,HeatFrame.set
FN:68,77,HeatFrame.style
FNDA:1,HeatFrame.style
FN:79,81,HeatFrame.number_format
FNDA:1,HeatFrame.number_format
FN:83,101,HeatFrame.colorbar
FNDA:1,HeatFrame.colorbar
FN:104,116,HeatFrame.facet
FNDA:1,HeatFrame.facet
FN:119,153,HeatFrame.pair
FNDA:1,HeatFrame.pair
FN:156,167,clean_data
FNDA:1,clean_data
FN:170,191,iterrows
FNDA:1,iterrows
FN:194,205,xs
FNDA:1,xs
FNF:10
FNH:10
end_of_record
SF:src\xlviews\dataframes\sheet_frame.py
DA:3,1
DA:5,1
DA:6,1
DA:7,1
DA:8,1
DA:10,1
DA:11,1
DA:12,1
DA:13,1
DA:14,1
DA:15,1
DA:16,1
DA:18,1
DA:19,1
DA:20,1
DA:21,1
DA:22,1
DA:23,1
DA:25,1
DA:26,1
DA:27,1
DA:35,1
DA:38,1
DA:39,1
DA:40,1
DA:41,1
DA:42,1
DA:44,1
DA:45,1
DA:60,1
DA:61,1
DA:63,1
DA:64,1
DA:66,1
DA:68,1
DA:69,1
DA:71,1
DA:72,1
DA:73,1
DA:74,1
DA:76,1
DA:77,1
DA:78,1
DA:79,1
DA:81,1
DA:82,1
DA:84,1
DA:85,1
DA:86,1
DA:88,1
DA:90,1
DA:91,1
DA:93,1
DA:94,1
DA:96,1
DA:98,1
DA:99,1
DA:101,1
DA:103,1
DA:104,1
DA:105,1
DA:107,1
DA:108,1
DA:109,1
DA:111,1
DA:112,1
DA:113,1
DA:115,1
DA:116,1
DA:117,1
DA:118,1
DA:119,1
DA:120,1
DA:122,1
DA:125,1
DA:127,1
DA:128,1
DA:129,1
DA:131,1
DA:133,1
DA:138,1
DA:139,1
DA:145,1
DA:146,1
DA:147,1
DA:148,1
DA:149,1
DA:150,1
DA:152,1
DA:153,1
DA:155,1
DA:156,1
DA:162,1
DA:163,1
DA:169,1
DA:174,1
DA:177,1
DA:178,1
DA:179,1
DA:180,1
DA:181,1
DA:182,1
DA:183,1
DA:184,1
DA:186,1
DA:187,1
DA:188,1
DA:189,1
DA:190,1
DA:192,1
DA:193,1
DA:195,1
DA:196,1
DA:197,1
DA:198,1
DA:199,1
DA:201,1
DA:202,1
DA:205,1
DA:206,1
DA:207,1
DA:209,1
DA:210,1
DA:212,1
DA:221,1
DA:224,1
DA:225,1
DA:226,1
DA:228,1
DA:229,1
DA:231,1
DA:232,1
DA:233,1
DA:234,1
DA:236,1
DA:237,1
DA:238,1
DA:240,1
DA:241,1
DA:243,1
DA:261,1
DA:264,1
DA:265,1
DA:266,1
DA:267,1
DA:268,1
DA:270,1
DA:271,1
DA:272,1
DA:273,1
DA:275,1
DA:276,1
DA:278,1
DA:279,1
DA:281,1
DA:298,1
DA:301,1
DA:302,1
DA:303,1
DA:304,1
DA:306,1
DA:307,1
DA:308,1
DA:311,1
DA:312,1
DA:314,1
DA:316,1
DA:317,1
DA:319,1
DA:320,1
DA:322,1
DA:323,1
DA:325,1
DA:326,1
DA:328,1
DA:329,1
DA:331,1
DA:332,1
DA:342,1
DA:343,1
DA:353,1
DA:362,1
DA:363,1
DA:364,1
DA:366,1
DA:368,1
DA:370,1
DA:371,1
DA:373,1
DA:383,1
DA:384,1
DA:386,1
DA:388,1
DA:389,1
DA:400,1
DA:401,1
DA:412,1
DA:422,1
DA:423,1
DA:424,1
DA:435,1
DA:436,1
DA:437,1
DA:438,1
DA:440,1
DA:441,1
DA:442,1
DA:443,1
DA:444,1
DA:445,1
DA:446,1
DA:448,1
DA:450,1
DA:451,1
DA:453,1
DA:462,1
DA:463,1
DA:464,1
DA:466,1
DA:467,1
DA:468,1
DA:470,1
DA:471,1
DA:473,1
DA:474,1
DA:475,1
DA:476,1
DA:477,1
DA:479,1
DA:481,1
DA:492,1
DA:502,1
DA:503,1
DA:504,1
DA:506,1
DA:507,1
DA:508,1
DA:509,1
DA:510,1
DA:512,1
DA:514,1
DA:526,1
DA:527,1
DA:542,1
DA:543,1
DA:545,1
DA:546,1
DA:555,1
DA:557,1
DA:558,1
DA:559,1
DA:560,1
DA:562,1
DA:564,1
DA:574,1
DA:576,1
DA:577,1
DA:579,1
DA:580,1
DA:581,1
DA:582,1
DA:583,1
DA:585,1
DA:592,1
DA:593,1
DA:595,1
DA:596,1
DA:598,1
DA:599,1
DA:600,1
DA:601,1
DA:603,1
DA:604,1
DA:605,1
DA:606,1
DA:607,1
DA:608,1
DA:609,1
DA:611,1
DA:612,1
DA:613,1
DA:614,1
DA:615,1
DA:616,1
DA:621,1
DA:623,1
DA:624,1
DA:625,1
DA:626,1
DA:628,1
DA:629,1
DA:630,1
DA:631,1
DA:632,1
DA:634,1
DA:635,1
DA:636,1
DA:637,1
DA:638,1
DA:639,1
DA:641,1
DA:643,1
DA:644,1
DA:646,1
DA:648,1
DA:650,1
DA:651,1
DA:653,1
DA:660,1
DA:661,1
DA:663,1
DA:666,1
DA:668,1
DA:669,1
DA:671,1
DA:678,1
DA:680,1
DA:682,1
DA:683,1
DA:684,1
DA:685,1
DA:687,1
DA:690,1
DA:702,1
DA:703,1
DA:704,1
DA:706,1
DA:707,1
DA:709,1
DA:710,1
DA:712,1
DA:713,1
DA:716,1
DA:717,1
DA:718,1
DA:720,1
DA:721,1
DA:723,1
DA:724,1
DA:726,1
DA:729,1
DA:730,1
DA:731,1
DA:733,1
DA:734,1
DA:735,1
DA:737,1
DA:738,1
DA:740,1
DA:741,1
DA:742,1
DA:744,1
LF:352
LH:352
FN:45,69,SheetFrame.__init__
FNDA:1,SheetFrame.__init__
FN:71,74,SheetFrame.expand
FNDA:1,SheetFrame.expand
FN:76,79,SheetFrame.__repr__
FNDA:1,SheetFrame.__repr__
FN:81,82,SheetFrame.__len__
FNDA:1,SheetFrame.__len__
FN:84,88,SheetFrame.__contains__
FNDA:1,SheetFrame.__contains__
FN:90,91,SheetFrame.__iter__
FNDA:1,SheetFrame.__iter__
FN:94,96,SheetFrame.row
FNDA:1,SheetFrame.row
FN:99,101,SheetFrame.column
FNDA:1,SheetFrame.column
FN:104,105,SheetFrame.shape
FNDA:1,SheetFrame.shape
FN:108,109,SheetFrame.height
FNDA:1,SheetFrame.height
FN:112,113,SheetFrame.width
FNDA:1,SheetFrame.width
FN:116,125,SheetFrame.value
FNDA:1,SheetFrame.value
FN:127,131,SheetFrame.get_loc
FNDA:1,SheetFrame.get_loc
FN:133,153,SheetFrame.get_indexer
FNDA:1,SheetFrame.get_indexer
FN:156,160,SheetFrame.get_range
FNDA:0,SheetFrame.get_range
FN:163,167,SheetFrame.get_range
FNDA:0,SheetFrame.get_range
FN:169,193,SheetFrame.get_range
FNDA:1,SheetFrame.get_range
FN:195,210,SheetFrame.iter_ranges
FNDA:1,SheetFrame.iter_ranges
FN:212,241,SheetFrame.add_column
FNDA:1,SheetFrame.add_column
FN:243,279,SheetFrame.add_wide_column
FNDA:1,SheetFrame.add_wide_column
FN:281,329,SheetFrame.add_formula_column
FNDA:1,SheetFrame.add_formula_column
FN:332,340,SheetFrame.get_address
FNDA:0,SheetFrame.get_address
FN:343,351,SheetFrame.get_address
FNDA:0,SheetFrame.get_address
FN:353,386,SheetFrame.get_address
FNDA:1,SheetFrame.get_address
FN:389,398,SheetFrame.agg
FNDA:0,SheetFrame.agg
FN:401,410,SheetFrame.agg
FNDA:0,SheetFrame.agg
FN:412,471,SheetFrame.agg
FNDA:1,SheetFrame.agg
FN:474,479,SheetFrame._agg
FNDA:1,SheetFrame._agg
FN:481,512,SheetFrame.melt
FNDA:1,SheetFrame.melt
FN:514,574,SheetFrame.pivot_table
FNDA:1,SheetFrame.pivot_table
FN:576,577,SheetFrame.groupby
FNDA:1,SheetFrame.groupby
FN:579,583,SheetFrame.get_number_format
FNDA:1,SheetFrame.get_number_format
FN:585,621,SheetFrame.number_format
FNDA:1,SheetFrame.number_format
FN:623,626,SheetFrame.style
FNDA:1,SheetFrame.style
FN:628,632,SheetFrame.autofit
FNDA:1,SheetFrame.autofit
FN:634,639,SheetFrame.alignment
FNDA:1,SheetFrame.alignment
FN:641,644,SheetFrame.set_adjacent_column_width
FNDA:1,SheetFrame.set_adjacent_column_width
FN:646,648,SheetFrame.get_adjacent_cell
FNDA:1,SheetFrame.get_adjacent_cell
FN:650,651,SheetFrame.move
FNDA:1,SheetFrame.move
FN:653,680,SheetFrame.as_table
FNDA:1,SheetFrame.as_table
FN:682,687,SheetFrame.unlist
FNDA:1,SheetFrame.unlist
FN:690,713,move
FNDA:1,move
FN:716,726,_move_down
FNDA:1,_move_down
FN:729,744,_move_right
FNDA:1,_move_right
FNF:44
FNH:38
end_of_record
SF:src\xlviews\dataframes\stats_frame.py
DA:1,1
DA:3,1
DA:5,1
DA:6,1
DA:7,1
DA:9,1
DA:10,1
DA:11,1
DA:12,1
DA:13,1
DA:15,1
DA:16,1
DA:22,1
DA:23,1
DA:24,1
DA:47,1
DA:48,1
DA:49,1
DA:52,1
DA:53,1
DA:55,1
DA:57,1
DA:58,1
DA:60,1
DA:62,1
DA:63,1
DA:65,1
DA:67,1
DA:69,1
DA:70,1
DA:71,1
DA:74,1
DA:75,1
DA:76,1
DA:77,1
DA:78,1
DA:79,1
DA:81,1
DA:84,1
DA:85,1
DA:86,1
DA:88,1
DA:91,1
DA:92,1
DA:93,1
DA:95,1
DA:98,1
DA:103,1
DA:104,1
DA:106,1
DA:107,1
DA:109,1
DA:110,1
DA:111,1
DA:113,1
DA:114,1
DA:117,1
DA:118,1
DA:119,1
DA:120,1
DA:121,1
DA:124,1
DA:125,1
DA:126,1
DA:128,1
DA:129,1
DA:131,1
DA:132,1
DA:133,1
DA:134,1
DA:137,1
DA:139,1
DA:140,1
DA:141,1
DA:142,0
DA:144,1
DA:145,1
DA:146,1
DA:148,1
DA:149,1
DA:150,1
DA:152,1
DA:153,1
DA:155,1
DA:156,1
DA:157,1
DA:159,1
DA:160,1
DA:162,1
DA:163,1
LF:90
LH:89
FN:24,71,StatsFrame.__init__
FNDA:1,StatsFrame.__init__
FN:74,81,get_func
FNDA:1,get_func
FN:84,88,get_by
FNDA:1,get_by
FN:91,95,get_length
FNDA:1,get_length
FN:98,114,get_frame
FNDA:1,get_frame
FN:117,121,has_header
FNDA:1,has_header
FN:124,134,move_down
FNDA:1,move_down
FN:137,163,set_style
FNDA:1,set_style
FN:139,142,set_style.get_number_format
FNDA:1,set_style.get_number_format
FNF:9
FNH:9
end_of_record
SF:src\xlviews\dataframes\style.py
DA:3,1
DA:5,1
DA:6,1
DA:8,1
DA:9,1
DA:11,1
DA:12,1
DA:23,1
DA:36,1
DA:46,1
DA:48,1
DA:49,1
DA:50,1
DA:51,1
DA:53,1
DA:54,1
DA:56,1
DA:57,1
DA:58,1
DA:59,1
DA:60,1
DA:63,1
DA:64,1
DA:87,1
DA:88,1
DA:90,1
DA:98,1
DA:99,1
DA:100,1
DA:102,1
DA:103,1
DA:104,1
DA:106,1
DA:108,1
DA:109,1
DA:110,1
DA:112,1
DA:113,1
DA:114,1
DA:116,1
DA:117,1
DA:118,1
DA:119,1
DA:121,1
DA:123,1
DA:124,1
DA:125,1
DA:127,1
DA:128,1
DA:129,1
DA:131,1
DA:133,1
DA:134,1
DA:136,1
DA:138,1
DA:139,1
DA:140,1
DA:141,1
DA:143,1
DA:144,1
DA:147,1
DA:148,1
DA:149,1
DA:151,1
DA:152,1
DA:153,1
DA:154,1
DA:157,1
DA:159,1
DA:160,1
DA:161,1
DA:162,1
DA:164,1
DA:166,1
DA:167,1
DA:168,1
DA:169,1
DA:172,1
DA:177,1
DA:179,1
DA:180,1
DA:181,1
DA:182,1
DA:183,1
DA:184,1
DA:185,1
DA:186,1
DA:188,1
DA:191,1
DA:192,1
DA:211,1
DA:212,1
DA:214,1
DA:222,1
DA:223,1
DA:224,1
DA:226,1
DA:227,1
DA:228,1
DA:230,1
DA:232,1
DA:233,1
DA:234,1
DA:236,1
DA:237,1
DA:238,1
DA:240,1
DA:242,1
DA:243,1
DA:245,1
DA:246,1
DA:247,1
DA:250,1
DA:251,1
DA:252,1
DA:253,1
DA:254,1
DA:255,1
DA:257,1
DA:260,1
DA:261,1
DA:262,1
DA:264,1
DA:266,1
DA:267,1
DA:268,1
DA:269,1
DA:271,1
DA:272,1
LF:129
LH:129
FN:36,60,_set_style
FNDA:1,_set_style
FN:64,144,set_frame_style
FNDA:1,set_frame_style
FN:147,169,set_wide_column_style
FNDA:1,set_wide_column_style
FN:172,188,set_table_style
FNDA:1,set_table_style
FN:192,247,set_heat_frame_style
FNDA:1,set_heat_frame_style
FN:250,257,_merge_index
FNDA:1,_merge_index
FN:260,272,_set_heat_border
FNDA:1,_set_heat_border
FNF:7
FNH:7
end_of_record
SF:src\xlviews\dataframes\table.py
DA:1,1
DA:3,1
DA:5,1
DA:6,1
DA:8,1
DA:9,1
DA:11,1
DA:17,1
DA:18,1
DA:19,1
DA:20,1
DA:22,1
DA:33,1
DA:34,1
DA:36,1
DA:42,1
DA:43,1
DA:44,1
DA:46,1
DA:47,1
DA:49,1
DA:51,1
DA:52,1
DA:54,1
DA:55,1
DA:57,1
DA:58,1
DA:60,1
DA:61,1
DA:62,1
DA:63,1
DA:64,1
DA:66,1
DA:67,1
DA:68,1
DA:69,1
DA:71,1
DA:72,1
DA:73,1
DA:75,1
DA:76,1
DA:77,1
DA:79,1
DA:92,1
DA:93,1
DA:95,1
DA:96,1
DA:97,1
DA:98,1
DA:99,1
DA:101,1
DA:120,1
DA:121,1
DA:122,1
DA:123,1
DA:125,1
DA:126,1
DA:128,1
DA:129,1
DA:131,1
DA:133,1
DA:135,1
DA:136,1
DA:138,1
DA:139,1
DA:145,1
DA:146,1
DA:153,1
DA:154,1
DA:157,1
DA:159,1
DA:161,1
DA:162,1
DA:163,1
LF:74
LH:74
FN:22,58,Table.__init__
FNDA:1,Table.__init__
FN:61,64,Table.column
FNDA:1,Table.column
FN:67,69,Table.header
FNDA:1,Table.header
FN:72,73,Table.const_header
FNDA:1,Table.const_header
FN:76,77,Table.columns
FNDA:1,Table.columns
FN:79,99,Table.add_const_header
FNDA:1,Table.add_const_header
FN:101,157,Table.auto_filter
FNDA:1,Table.auto_filter
FN:159,163,Table.unlist
FNDA:1,Table.unlist
FNF:8
FNH:8
end_of_record
SF:src\xlviews\figure\__init__.py
end_of_record
SF:src\xlviews\figure\grid.py
DA:1,1
DA:3,1
DA:11,1
DA:12,1
DA:14,1
DA:21,1
DA:22,1
DA:23,1
DA:25,1
DA:26,1
DA:28,1
DA:29,1
DA:31,1
DA:32,1
DA:34,1
DA:35,1
DA:36,1
DA:38,1
DA:40,1
DA:41,1
DA:43,1
DA:44,1
DA:47,1
DA:48,1
DA:50,1
DA:56,1
DA:57,1
DA:58,1
DA:60,1
DA:61,1
DA:62,1
DA:63,1
DA:65,1
DA:66,1
DA:67,1
DA:68,1
DA:69,1
DA:70,1
DA:72,1
DA:73,1
DA:74,1
DA:75,1
DA:77,1
DA:78,1
DA:79,1
DA:80,1
DA:81,1
DA:83,1
DA:84,1
DA:86,1
DA:87,1
DA:89,1
DA:90,1
DA:92,1
DA:93,1
DA:95,1
DA:96,1
DA:98,1
DA:102,1
DA:103,1
DA:105,1
DA:106,1
DA:107,1
DA:108,1
DA:110,1
DA:111,1
DA:113,1
DA:114,1
DA:116,1
DA:117,1
DA:119,1
DA:120,1
DA:122,1
DA:123,1
DA:125,1
DA:126,1
DA:127,1
LF:77
LH:77
FN:14,26,AxesSeries.__init__
FNDA:1,AxesSeries.__init__
FN:29,29,AxesSeries.__getitem__
FNDA:1,AxesSeries.__getitem__
FN:32,32,AxesSeries.__getitem__
FNDA:1,AxesSeries.__getitem__
FN:34,38,AxesSeries.__getitem__
FNDA:1,AxesSeries.__getitem__
FN:40,41,AxesSeries.__len__
FNDA:1,AxesSeries.__len__
FN:43,44,AxesSeries.__iter__
FNDA:1,AxesSeries.__iter__
FN:50,75,Grid.__init__
FNDA:1,Grid.__init__
FN:78,81,Grid.shape
FNDA:1,Grid.shape
FN:84,84,Grid.__getitem__
FNDA:1,Grid.__getitem__
FN:87,87,Grid.__getitem__
FNDA:1,Grid.__getitem__
FN:90,90,Grid.__getitem__
FNDA:1,Grid.__getitem__
FN:93,93,Grid.__getitem__
FNDA:1,Grid.__getitem__
FN:96,96,Grid.__getitem__
FNDA:1,Grid.__getitem__
FN:98,120,Grid.__getitem__
FNDA:1,Grid.__getitem__
FN:122,123,Grid.__len__
FNDA:1,Grid.__len__
FN:125,127,Grid.__iter__
FNDA:1,Grid.__iter__
FNF:16
FNH:16
end_of_record
SF:src\xlviews\figure\palette.py
DA:1,1
DA:3,1
DA:4,1
DA:5,1
DA:6,1
DA:8,1
DA:10,1
DA:18,1
DA:19,1
DA:26,1
DA:27,1
DA:34,1
DA:35,1
DA:42,1
DA:47,1
DA:48,1
DA:50,1
DA:51,1
DA:53,1
DA:54,1
DA:56,1
DA:57,1
DA:58,1
DA:60,1
DA:63,1
DA:67,1
DA:68,1
DA:70,1
DA:71,1
DA:73,1
DA:74,1
DA:76,1
DA:77,1
DA:78,1
DA:79,1
DA:80,1
DA:82,1
DA:84,1
DA:85,1
DA:86,1
DA:88,1
DA:89,1
DA:90,1
DA:91,1
DA:93,1
DA:96,1
DA:99,1
DA:100,1
DA:101,1
DA:103,1
DA:109,1
DA:110,1
DA:111,1
DA:113,1
DA:114,1
DA:116,1
DA:117,1
DA:120,1
DA:121,1
DA:122,1
DA:124,1
DA:126,1
DA:127,1
DA:128,1
DA:130,1
DA:132,1
DA:135,1
DA:136,1
DA:138,1
DA:141,1
DA:143,1
DA:144,1
DA:146,1
DA:147,1
DA:148,1
DA:149,1
DA:152,1
DA:153,1
DA:155,1
DA:158,1
DA:160,1
DA:161,1
DA:163,1
DA:164,1
DA:165,1
DA:168,1
DA:169,1
DA:170,1
DA:172,1
DA:177,1
DA:178,1
DA:180,1
DA:181,1
DA:182,1
DA:184,1
DA:185,1
DA:188,1
DA:200,1
DA:206,1
DA:207,1
DA:209,1
DA:210,1
DA:212,1
DA:213,1
DA:214,1
DA:215,1
DA:217,1
DA:218,1
DA:220,1
DA:221,1
DA:223,1
DA:224,1
DA:225,1
DA:226,1
DA:228,1
DA:230,1
DA:232,1
DA:233,1
DA:235,1
DA:236,1
DA:237,1
DA:238,1
DA:239,1
DA:241,1
DA:244,1
DA:248,1
DA:251,1
DA:255,1
LF:128
LH:128
FN:19,23,get_columns_default
FNDA:0,get_columns_default
FN:27,31,get_columns_default
FNDA:0,get_columns_default
FN:35,39,get_columns_default
FNDA:0,get_columns_default
FN:42,60,get_columns_default
FNDA:1,get_columns_default
FN:63,93,get_index
FNDA:1,get_index
FN:103,114,Palette.__init__
FNDA:1,Palette.__init__
FN:117,118,Palette.cycle
FNDA:0,Palette.cycle
FN:120,124,Palette.get
FNDA:1,Palette.get
FN:126,132,Palette.__getitem__
FNDA:1,Palette.__getitem__
FN:136,138,MarkerPalette.cycle
FNDA:1,MarkerPalette.cycle
FN:141,149,cycle_markers
FNDA:1,cycle_markers
FN:153,155,ColorPalette.cycle
FNDA:1,ColorPalette.cycle
FN:158,165,cycle_colors
FNDA:1,cycle_colors
FN:172,178,FunctionPalette.__init__
FNDA:1,FunctionPalette.__init__
FN:180,185,FunctionPalette.__getitem__
FNDA:1,FunctionPalette.__getitem__
FN:200,241,get_palette
FNDA:1,get_palette
FN:244,248,get_marker_palette
FNDA:1,get_marker_palette
FN:251,255,get_color_palette
FNDA:1,get_color_palette
FNF:18
FNH:14
end_of_record
SF:src\xlviews\figure\plot.py
DA:1,1
DA:3,1
DA:4,1
DA:5,1
DA:7,1
DA:8,1
DA:10,1
DA:18,1
DA:21,1
DA:22,1
DA:23,1
DA:24,1
DA:25,1
DA:27,1
DA:28,1
DA:30,1
DA:31,1
DA:33,1
DA:34,1
DA:35,1
DA:37,1
DA:43,1
DA:44,1
DA:46,1
DA:47,1
DA:48,1
DA:49,1
DA:50,1
DA:51,1
DA:53,1
DA:55,1
DA:56,1
DA:58,1
DA:59,1
DA:61,1
DA:70,1
DA:71,1
DA:73,1
DA:74,1
DA:83,1
DA:85,1
DA:86,1
DA:93,1
DA:94,1
DA:95,1
DA:96,1
DA:98,1
DA:99,1
DA:100,1
DA:101,1
DA:103,1
DA:104,1
DA:106,1
DA:107,1
DA:109,1
DA:111,1
DA:114,1
DA:115,1
DA:116,1
DA:119,1
DA:123,1
DA:124,1
DA:125,1
DA:127,1
DA:128,1
DA:130,1
DA:131,1
DA:132,1
DA:134,1
DA:135,1
DA:138,1
DA:139,1
DA:140,1
DA:142,1
LF:74
LH:74
FN:27,35,Plot.__init__
FNDA:1,Plot.__init__
FN:37,53,Plot.add
FNDA:1,Plot.add
FN:55,59,Plot.keys
FNDA:1,Plot.keys
FN:61,83,Plot.set
FNDA:1,Plot.set
FN:86,111,Plot.facet
FNDA:1,Plot.facet
FN:114,116,get_label
FNDA:1,get_label
FN:119,135,iterrows
FNDA:1,iterrows
FN:138,142,xs
FNDA:1,xs
FNF:8
FNH:8
end_of_record
SF:src\xlviews\style.py
DA:3,1
DA:5,1
DA:7,1
DA:8,1
DA:9,1
DA:10,1
DA:17,1
DA:18,1
DA:19,1
DA:20,1
DA:26,1
DA:32,1
DA:33,1
DA:35,1
DA:36,1
DA:37,1
DA:38,1
DA:39,1
DA:42,1
DA:47,1
DA:48,1
DA:50,1
DA:52,1
DA:53,1
DA:55,1
DA:56,1
DA:58,1
DA:59,1
DA:61,1
DA:62,1
DA:64,1
DA:65,1
DA:68,1
DA:73,1
DA:74,1
DA:77,1
DA:84,1
DA:85,1
DA:87,1
DA:88,1
DA:91,1
DA:95,1
DA:96,1
DA:99,1
DA:108,1
DA:109,1
DA:110,1
DA:111,1
DA:112,1
DA:113,1
DA:114,1
DA:115,1
DA:116,1
DA:117,1
DA:118,1
DA:121,1
DA:130,1
DA:131,1
DA:134,1
DA:139,1
DA:140,1
DA:142,1
DA:143,1
DA:146,1
DA:147,1
DA:150,1
DA:151,1
DA:154,1
DA:160,1
DA:161,1
DA:162,1
DA:164,1
DA:165,1
DA:167,1
DA:168,1
DA:169,1
DA:170,1
DA:172,1
DA:174,1
DA:175,1
DA:178,1
DA:181,1
DA:185,1
DA:187,1
DA:188,1
DA:189,1
DA:196,1
DA:201,1
DA:203,1
DA:204,1
DA:205,1
DA:206,1
DA:207,1
DA:210,1
DA:213,1
DA:218,1
DA:219,1
DA:221,1
DA:222,1
DA:223,1
DA:224,1
DA:225,1
DA:227,1
DA:228,1
DA:229,1
DA:230,1
DA:231,1
DA:232,1
DA:235,1
DA:236,1
DA:237,1
DA:240,1
DA:245,1
DA:246,1
DA:248,1
DA:249,1
DA:250,1
DA:251,1
DA:252,1
DA:255,1
DA:260,1
DA:261,1
DA:263,1
DA:264,1
DA:266,1
DA:267,1
DA:269,1
LF:127
LH:127
FN:26,39,set_border_line
FNDA:1,set_border_line
FN:42,65,set_border_edge
FNDA:1,set_border_edge
FN:68,74,set_border_inside
FNDA:1,set_border_inside
FN:77,88,set_border
FNDA:1,set_border
FN:91,96,set_fill
FNDA:1,set_fill
FN:99,118,set_font_api
FNDA:1,set_font_api
FN:121,131,set_font
FNDA:1,set_font
FN:134,143,set_alignment
FNDA:1,set_alignment
FN:146,147,set_number_format
FNDA:1,set_number_format
FN:154,175,set_banding
FNDA:1,set_banding
FN:160,170,set_banding.banding
FNDA:1,set_banding.banding
FN:181,207,hide_succession
FNDA:1,hide_succession
FN:213,232,hide_unique
FNDA:1,hide_unique
FN:218,219,hide_unique.address
FNDA:1,hide_unique.address
FN:235,237,hide_gridlines
FNDA:1,hide_gridlines
FN:240,252,set_color_condition
FNDA:1,set_color_condition
FN:255,269,set_color_scale
FNDA:1,set_color_scale
FNF:17
FNH:17
end_of_record
SF:src\xlviews\utils.py
DA:1,1
DA:3,1
DA:4,1
DA:6,1
DA:7,1
DA:8,1
DA:21,1
DA:32,1
DA:33,1
DA:34,1
DA:36,1
DA:38,1
DA:39,1
DA:41,1
DA:43,1
DA:46,1
DA:62,1
DA:63,1
DA:65,1
DA:67,1
DA:68,1
DA:69,1
DA:70,1
DA:71,1
DA:73,1
DA:76,1
DA:100,1
DA:101,1
DA:103,1
DA:104,1
DA:105,1
DA:108,1
DA:113,1
DA:114,1
DA:116,1
DA:117,1
DA:118,1
DA:120,1
DA:123,1
DA:126,1
DA:127,1
DA:128,1
DA:130,1
DA:131,1
DA:132,1
DA:134,1
DA:135,1
DA:137,1
DA:138,1
DA:140,1
LF:50
LH:50
FN:21,43,constant
FNDA:1,constant
FN:46,73,iter_columns
FNDA:1,iter_columns
FN:76,105,iter_group_locs
FNDA:1,iter_group_locs
FN:108,120,add_validate_list
FNDA:1,add_validate_list
FN:123,140,suspend_screen_updates
FNDA:1,suspend_screen_updates
FN:127,138,suspend_screen_updates._func
FNDA:1,suspend_screen_updates._func
FNF:6
FNH:6
end_of_record
