SF:src\xlviews\__init__.py
DA:1,1
DA:2,1
DA:3,1
DA:4,1
DA:5,1
DA:6,1
DA:7,1
DA:8,1
DA:9,1
DA:10,1
DA:11,1
DA:13,1
LF:12
LH:12
end_of_record
SF:src\xlviews\chart\__init__.py
end_of_record
SF:src\xlviews\chart\axes.py
DA:1,1
DA:3,1
DA:4,1
DA:6,1
DA:7,1
DA:9,1
DA:10,1
DA:11,1
DA:13,1
DA:14,1
DA:32,1
DA:38,1
DA:39,1
DA:41,1
DA:42,1
DA:44,1
DA:45,1
DA:46,1
DA:47,1
DA:48,1
DA:49,1
DA:50,1
DA:51,1
DA:52,1
DA:54,1
DA:55,1
DA:56,1
DA:57,1
DA:58,1
DA:59,1
DA:60,1
DA:61,1
DA:62,1
DA:64,1
DA:65,1
DA:66,1
DA:68,1
DA:71,1
DA:72,1
DA:73,1
DA:74,1
DA:75,1
DA:77,1
DA:78,1
DA:94,1
DA:96,1
DA:97,1
DA:98,1
DA:99,1
DA:101,1
DA:103,1
DA:104,1
DA:106,1
DA:108,1
DA:109,1
DA:112,1
DA:113,1
DA:114,1
DA:116,1
DA:117,1
DA:119,1
DA:120,1
DA:122,1
DA:124,1
DA:125,1
DA:133,1
DA:134,1
DA:135,1
DA:136,1
DA:138,1
DA:139,1
DA:140,1
DA:142,1
DA:143,1
DA:144,1
DA:146,1
DA:161,1
DA:162,1
DA:163,1
DA:164,1
DA:166,1
DA:167,1
DA:168,1
DA:169,1
DA:171,1
DA:172,1
DA:179,1
DA:180,1
DA:182,1
DA:183,1
DA:185,1
DA:187,1
DA:188,1
DA:189,1
DA:191,1
DA:192,1
DA:194,1
DA:196,1
DA:197,1
DA:198,1
DA:200,1
DA:208,1
DA:210,1
DA:211,1
DA:212,1
DA:214,1
DA:215,1
DA:216,1
DA:218,1
DA:219,1
DA:220,1
DA:222,1
DA:223,1
DA:224,1
DA:226,1
DA:227,1
DA:228,1
DA:230,1
DA:231,1
DA:232,1
DA:234,1
DA:235,1
DA:236,1
DA:238,1
DA:239,1
DA:241,1
DA:242,1
DA:244,1
DA:245,1
DA:246,1
DA:248,1
DA:249,1
DA:250,1
DA:252,1
DA:253,1
DA:254,1
DA:256,1
DA:257,1
DA:258,1
DA:260,1
DA:261,1
DA:263,1
DA:264,1
DA:266,1
DA:267,1
DA:269,1
DA:270,1
DA:272,1
DA:273,1
DA:274,1
DA:276,1
DA:277,1
DA:278,1
DA:280,1
DA:281,1
DA:282,1
DA:284,1
DA:285,1
DA:286,1
DA:288,1
DA:289,1
DA:302,1
DA:303,1
DA:304,1
DA:305,1
DA:306,1
DA:307,1
DA:308,1
DA:309,1
DA:310,1
DA:311,1
DA:312,1
DA:313,1
DA:314,1
DA:315,1
DA:316,1
DA:317,1
DA:318,1
DA:319,1
DA:321,1
DA:322,1
DA:323,1
DA:324,1
DA:326,1
DA:328,1
DA:329,1
DA:330,1
DA:331,1
DA:333,1
DA:334,1
DA:350,1
DA:351,1
DA:352,1
DA:354,1
DA:355,1
DA:357,1
DA:358,1
DA:359,1
DA:360,1
DA:361,1
DA:363,1
DA:364,1
DA:366,1
DA:367,1
DA:368,1
DA:370,1
DA:371,1
DA:372,1
DA:373,1
DA:374,1
DA:375,1
DA:377,1
DA:378,1
DA:379,1
DA:380,1
DA:381,1
DA:382,1
DA:384,1
DA:386,1
DA:387,1
DA:388,1
DA:389,1
DA:390,1
DA:391,1
DA:392,1
DA:394,1
DA:395,1
DA:396,1
DA:397,1
DA:399,1
DA:400,1
DA:401,1
DA:402,1
DA:403,1
DA:405,1
DA:406,1
DA:408,1
DA:410,1
DA:412,1
DA:413,1
DA:414,1
DA:415,1
DA:417,1
DA:418,1
DA:420,1
DA:421,1
DA:422,1
DA:424,1
DA:425,1
DA:426,1
DA:428,1
DA:429,1
DA:430,1
DA:431,1
DA:433,1
DA:435,1
DA:438,1
DA:442,1
DA:444,1
DA:446,1
DA:447,1
DA:449,1
DA:451,1
DA:452,1
DA:453,1
DA:454,1
DA:455,1
DA:456,1
DA:458,1
DA:459,1
DA:460,1
DA:461,1
DA:462,1
DA:464,1
DA:465,1
DA:466,1
DA:467,1
DA:468,1
DA:470,1
LF:279
LH:279
FN:32,68,chart_position
FNDA:1,chart_position
FN:78,122,Axes.__init__
FNDA:1,Axes.__init__
FN:125,159,Axes.copy
FNDA:1,Axes.copy
FN:162,164,Axes.xaxis
FNDA:1,Axes.xaxis
FN:167,169,Axes.yaxis
FNDA:1,Axes.yaxis
FN:172,185,Axes.add_series
FNDA:1,Axes.add_series
FN:188,194,Axes.title
FNDA:1,Axes.title
FN:197,198,Axes.title
FNDA:1,Axes.title
FN:200,220,Axes.set_title
FNDA:1,Axes.set_title
FN:223,224,Axes.xlabel
FNDA:1,Axes.xlabel
FN:227,228,Axes.xlabel
FNDA:1,Axes.xlabel
FN:231,232,Axes.ylabel
FNDA:1,Axes.ylabel
FN:235,236,Axes.ylabel
FNDA:1,Axes.ylabel
FN:238,239,Axes.set_xlabel
FNDA:1,Axes.set_xlabel
FN:241,242,Axes.set_ylabel
FNDA:1,Axes.set_ylabel
FN:245,246,Axes.xticks
FNDA:1,Axes.xticks
FN:249,250,Axes.xticks
FNDA:1,Axes.xticks
FN:253,254,Axes.yticks
FNDA:1,Axes.yticks
FN:257,258,Axes.yticks
FNDA:1,Axes.yticks
FN:260,261,Axes.set_xticks
FNDA:1,Axes.set_xticks
FN:263,264,Axes.set_yticks
FNDA:1,Axes.set_yticks
FN:266,267,Axes.set_xtick_labels
FNDA:1,Axes.set_xtick_labels
FN:269,270,Axes.set_ytick_labels
FNDA:1,Axes.set_ytick_labels
FN:273,274,Axes.xscale
FNDA:1,Axes.xscale
FN:277,278,Axes.xscale
FNDA:1,Axes.xscale
FN:281,282,Axes.yscale
FNDA:1,Axes.yscale
FN:285,286,Axes.yscale
FNDA:1,Axes.yscale
FN:289,326,Axes.set
FNDA:1,Axes.set
FN:328,331,Axes.delete_legend
FNDA:1,Axes.delete_legend
FN:334,410,Axes.legend
FNDA:1,Axes.legend
FN:412,442,Axes.tight_layout
FNDA:1,Axes.tight_layout
FN:444,470,Axes.style
FNDA:1,Axes.style
FNF:32
FNH:32
end_of_record
SF:src\xlviews\chart\series.py
DA:1,1
DA:3,1
DA:5,1
DA:6,1
DA:8,1
DA:9,1
DA:10,1
DA:12,1
DA:20,1
DA:21,1
DA:22,1
DA:24,1
DA:32,1
DA:33,1
DA:34,1
DA:36,1
DA:37,1
DA:39,1
DA:40,1
DA:41,1
DA:44,1
DA:46,1
DA:47,1
DA:48,1
DA:50,1
DA:51,1
DA:52,1
DA:54,1
DA:55,1
DA:56,1
DA:58,1
DA:59,1
DA:60,1
DA:62,1
DA:63,1
DA:64,1
DA:66,1
DA:67,1
DA:68,1
DA:69,1
DA:71,1
DA:73,1
DA:74,1
DA:75,1
DA:77,1
DA:78,1
DA:79,1
DA:80,1
DA:82,1
DA:84,1
DA:85,1
DA:87,1
DA:98,1
DA:99,1
DA:101,1
DA:102,1
DA:103,1
DA:105,1
DA:106,1
DA:108,1
DA:116,1
DA:118,1
DA:119,1
DA:120,1
DA:121,1
DA:123,1
DA:125,1
DA:134,1
DA:135,1
DA:137,1
DA:139,1
DA:140,1
DA:141,1
DA:142,1
DA:144,1
DA:147,1
DA:148,1
DA:149,1
DA:150,1
DA:151,1
DA:154,1
DA:155,1
DA:156,1
DA:157,1
DA:158,1
DA:159,1
DA:162,1
DA:169,1
DA:170,1
DA:172,1
DA:173,1
DA:174,1
DA:175,1
DA:176,1
DA:177,1
DA:179,1
LF:96
LH:96
FN:24,44,Series.__init__
FNDA:1,Series.__init__
FN:47,48,Series.label
FNDA:1,Series.label
FN:51,52,Series.label
FNDA:1,Series.label
FN:55,56,Series.chart_type
FNDA:1,Series.chart_type
FN:59,60,Series.chart_type
FNDA:1,Series.chart_type
FN:63,64,Series.x
FNDA:1,Series.x
FN:67,71,Series.x
FNDA:1,Series.x
FN:74,75,Series.y
FNDA:1,Series.y
FN:78,82,Series.y
FNDA:1,Series.y
FN:84,85,Series.delete
FNDA:1,Series.delete
FN:87,106,Series.set
FNDA:1,Series.set
FN:108,123,Series.marker
FNDA:1,Series.marker
FN:125,144,Series.line
FNDA:1,Series.line
FN:147,151,set_marker
FNDA:1,set_marker
FN:154,159,set_fill
FNDA:1,set_fill
FN:162,179,set_line
FNDA:1,set_line
FNF:16
FNH:16
end_of_record
SF:src\xlviews\chart\style.py
DA:3,1
DA:5,1
DA:7,1
DA:8,1
DA:9,1
DA:11,1
DA:24,1
DA:37,1
DA:46,1
DA:47,1
DA:48,1
DA:50,1
DA:53,1
DA:54,1
DA:55,1
DA:57,1
DA:60,1
DA:61,1
DA:62,1
DA:64,1
DA:67,1
DA:74,1
DA:75,1
DA:76,1
DA:78,1
DA:79,1
DA:80,1
DA:82,1
DA:83,1
DA:85,1
DA:88,1
DA:89,1
DA:97,1
DA:106,1
DA:108,1
DA:109,1
DA:110,1
DA:111,1
DA:113,1
DA:114,1
DA:116,1
DA:117,1
DA:119,1
DA:120,1
DA:122,1
DA:123,1
DA:125,1
DA:127,1
DA:128,1
DA:130,1
DA:131,1
DA:133,1
DA:135,1
DA:136,1
DA:139,1
DA:145,1
DA:146,1
DA:147,1
DA:149,1
DA:150,1
DA:153,1
DA:154,1
DA:155,1
DA:157,1
DA:158,1
DA:163,1
DA:164,1
DA:165,1
DA:166,1
DA:168,1
DA:169,1
DA:170,1
DA:175,1
DA:182,1
DA:183,1
DA:185,1
DA:186,1
DA:188,1
DA:189,1
DA:191,1
DA:192,1
DA:195,1
DA:201,1
DA:202,1
DA:203,1
DA:205,1
DA:206,1
DA:207,1
DA:209,1
DA:210,1
DA:211,1
LF:91
LH:91
FN:46,50,get_marker_style
FNDA:1,get_marker_style
FN:53,57,get_line_style
FNDA:1,get_line_style
FN:60,64,get_axis_label
FNDA:1,get_axis_label
FN:67,85,set_axis_label
FNDA:1,set_axis_label
FN:88,94,get_ticks
FNDA:1,get_ticks
FN:97,136,set_ticks
FNDA:1,set_ticks
FN:139,150,set_tick_labels
FNDA:1,set_tick_labels
FN:153,160,get_axis_scale
FNDA:1,get_axis_scale
FN:163,172,set_axis_scale
FNDA:1,set_axis_scale
FN:175,192,set_dimensions
FNDA:1,set_dimensions
FN:195,211,set_area_format
FNDA:1,set_area_format
FNF:11
FNH:11
end_of_record
SF:src\xlviews\colors.py
DA:1,1
DA:3,1
DA:5,1
DA:8,1
DA:33,1
DA:34,1
DA:36,1
DA:37,1
DA:39,1
DA:40,1
DA:42,1
DA:43,1
DA:44,1
DA:46,1
DA:48,1
DA:49,1
DA:51,1
DA:52,1
DA:55,1
LF:19
LH:19
FN:8,52,rgb
FNDA:1,rgb
FNF:1
FNH:1
end_of_record
SF:src\xlviews\config.py
DA:9,1
DA:11,1
DA:12,1
DA:13,1
DA:15,1
DA:18,1
DA:19,1
DA:20,1
DA:23,1
DA:24,1
DA:26,1
DA:27,1
DA:29,1
DA:30,1
DA:31,1
DA:33,1
DA:34,1
DA:36,1
DA:38,1
DA:39,1
DA:40,1
DA:42,1
DA:43,1
DA:45,1
DA:47,1
DA:48,1
DA:49,1
DA:50,1
DA:51,1
DA:54,1
LF:30
LH:30
FN:18,20,load_config
FNDA:1,load_config
FN:26,27,Config.__init__
FNDA:1,Config.__init__
FN:29,36,Config.__getitem__
FNDA:1,Config.__getitem__
FN:38,45,Config.__setitem__
FNDA:1,Config.__setitem__
FN:47,51,Config.get
FNDA:1,Config.get
FNF:5
FNH:5
end_of_record
SF:src\xlviews\core\__init__.py
end_of_record
SF:src\xlviews\core\address.py
DA:1,1
DA:3,1
DA:6,1
DA:7,1
DA:20,1
DA:21,1
DA:22,1
DA:23,1
DA:24,1
DA:26,1
DA:29,1
DA:30,1
DA:43,1
DA:44,1
DA:45,1
DA:47,1
LF:16
LH:16
FN:7,26,index_to_column_name
FNDA:1,index_to_column_name
FN:30,47,column_name_to_index
FNDA:1,column_name_to_index
FNF:2
FNH:2
end_of_record
SF:src\xlviews\core\formula.py
DA:1,1
DA:3,1
DA:5,1
DA:7,1
DA:8,1
DA:13,1
DA:15,1
DA:18,1
DA:20,1
DA:21,1
DA:23,1
DA:24,1
DA:25,1
DA:26,1
DA:28,1
DA:29,1
DA:30,1
DA:32,1
DA:35,1
DA:46,1
DA:47,1
DA:48,1
DA:51,1
DA:57,1
DA:58,1
DA:59,1
DA:60,1
DA:62,1
DA:63,1
DA:65,1
DA:66,1
DA:68,1
DA:70,1
DA:71,1
DA:73,1
DA:74,1
DA:75,1
DA:77,1
DA:78,1
DA:80,1
DA:81,1
DA:82,1
DA:83,1
DA:86,1
DA:96,1
DA:106,1
DA:107,1
DA:109,1
LF:48
LH:48
FN:18,32,const
FNDA:1,const
FN:51,83,_aggregate
FNDA:1,_aggregate
FN:86,109,aggregate
FNDA:1,aggregate
FNF:3
FNH:3
end_of_record
SF:src\xlviews\core\index.py
DA:1,1
DA:3,1
DA:5,1
DA:6,1
DA:16,1
DA:19,1
DA:20,1
DA:22,1
DA:23,1
DA:24,1
DA:26,1
DA:27,1
DA:29,1
DA:30,1
DA:31,1
DA:32,1
DA:34,1
DA:35,1
DA:36,1
DA:37,1
DA:39,1
DA:42,1
DA:43,1
DA:44,1
DA:46,1
DA:51,1
DA:53,1
DA:54,1
DA:55,1
DA:56,1
DA:58,1
DA:60,1
DA:61,1
DA:63,1
DA:64,1
DA:65,1
DA:67,1
DA:68,1
DA:80,1
DA:82,1
DA:90,1
DA:92,1
DA:100,1
DA:101,1
DA:103,1
DA:117,1
DA:118,1
DA:120,1
DA:122,1
DA:139,1
DA:140,1
DA:142,1
DA:144,1
DA:158,1
DA:159,1
DA:160,1
DA:161,1
DA:163,1
DA:164,1
DA:165,1
DA:169,1
DA:175,1
DA:178,1
DA:179,1
DA:181,1
DA:183,1
DA:185,1
DA:186,1
LF:68
LH:68
FN:19,20,WideIndex.__len__
FNDA:1,WideIndex.__len__
FN:23,24,WideIndex.names
FNDA:1,WideIndex.names
FN:26,27,WideIndex.to_list
FNDA:1,WideIndex.to_list
FN:29,32,WideIndex.get_loc
FNDA:1,WideIndex.get_loc
FN:34,39,WideIndex.append
FNDA:1,WideIndex.append
FN:46,58,Index.__init__
FNDA:1,Index.__init__
FN:60,61,Index.__len__
FNDA:1,Index.__len__
FN:64,65,Index.names
FNDA:1,Index.names
FN:68,80,Index.nlevels
FNDA:1,Index.nlevels
FN:82,90,Index.to_list
FNDA:1,Index.to_list
FN:92,101,Index.__iter__
FNDA:1,Index.__iter__
FN:103,120,Index.__contains__
FNDA:1,Index.__contains__
FN:122,142,Index.append
FNDA:1,Index.append
FN:144,167,Index.get_loc
FNDA:1,Index.get_loc
FN:169,183,Index.get_indexer
FNDA:1,Index.get_indexer
FN:185,186,Index.to_frame
FNDA:1,Index.to_frame
FNF:16
FNH:16
end_of_record
SF:src\xlviews\core\range.py
DA:1,1
DA:3,1
DA:5,1
DA:6,1
DA:7,1
DA:8,1
DA:10,1
DA:20,1
DA:21,1
DA:22,1
DA:23,1
DA:24,1
DA:25,1
DA:27,1
DA:33,1
DA:35,1
DA:36,1
DA:37,1
DA:38,1
DA:40,1
DA:41,1
DA:43,1
DA:44,1
DA:45,1
DA:48,1
DA:49,1
DA:51,1
DA:52,1
DA:53,1
DA:54,1
DA:55,1
DA:57,1
DA:58,1
DA:60,1
DA:61,1
DA:62,1
DA:63,1
DA:65,1
DA:66,1
DA:67,1
DA:69,1
DA:70,1
DA:72,1
DA:73,1
DA:74,1
DA:76,1
DA:77,1
DA:78,1
DA:80,1
DA:81,1
DA:82,1
DA:84,1
DA:85,1
DA:91,1
DA:99,1
DA:107,1
DA:109,1
DA:117,1
DA:127,1
DA:128,1
DA:129,1
DA:130,1
DA:131,1
DA:133,1
DA:134,1
DA:135,1
DA:137,1
DA:138,1
DA:139,1
DA:141,1
DA:142,1
DA:143,1
DA:145,1
DA:146,1
DA:147,1
DA:154,1
DA:164,1
DA:165,1
DA:167,1
DA:168,1
DA:176,1
DA:177,1
DA:179,1
DA:182,1
DA:191,1
DA:192,1
DA:194,1
DA:195,1
DA:196,1
DA:197,1
DA:199,1
DA:201,1
DA:202,1
DA:203,1
DA:204,1
DA:206,1
DA:207,1
DA:208,1
DA:209,1
DA:211,1
DA:212,1
DA:215,1
DA:216,1
DA:217,1
DA:220,1
DA:221,1
DA:231,1
DA:232,1
DA:233,1
DA:235,1
DA:236,1
DA:237,1
DA:238,1
DA:240,1
DA:242,1
DA:243,1
DA:245,1
DA:246,1
DA:247,1
DA:249,1
LF:120
LH:120
FN:27,49,Range.__init__
FNDA:1,Range.__init__
FN:52,55,Range.from_range
FNDA:1,Range.from_range
FN:57,58,Range.__len__
FNDA:1,Range.__len__
FN:60,63,Range.__iter__
FNDA:1,Range.__iter__
FN:65,74,Range.__getitem__
FNDA:1,Range.__getitem__
FN:77,78,Range.last_cell
FNDA:1,Range.last_cell
FN:80,82,Range.__repr__
FNDA:1,Range.__repr__
FN:84,89,Range.offset
FNDA:1,Range.offset
FN:91,107,Range.get_address
FNDA:1,Range.get_address
FN:109,125,Range.iter_addresses
FNDA:1,Range.iter_addresses
FN:128,131,Range.impl
FNDA:1,Range.impl
FN:134,135,Range.value
FNDA:1,Range.value
FN:138,139,Range.value
FNDA:1,Range.value
FN:142,143,Range.api
FNDA:1,Range.api
FN:146,151,Range.frame
FNDA:1,Range.frame
FN:154,179,iter_addresses
FNDA:1,iter_addresses
FN:182,217,_iter_addresses
FNDA:1,_iter_addresses
FN:221,249,FrameRange.get_address
FNDA:1,FrameRange.get_address
FNF:18
FNH:18
end_of_record
SF:src\xlviews\core\range_collection.py
DA:1,1
DA:3,1
DA:5,1
DA:13,1
DA:14,1
DA:16,1
DA:22,1
DA:24,1
DA:25,1
DA:26,1
DA:27,1
DA:29,1
DA:30,1
DA:32,1
DA:33,1
DA:35,1
DA:43,1
DA:49,1
DA:51,1
DA:60,1
DA:70,1
DA:71,1
DA:72,1
DA:74,1
DA:75,1
DA:77,1
DA:78,1
DA:80,1
DA:81,1
DA:83,1
DA:86,1
DA:91,1
DA:92,1
DA:94,1
DA:95,1
DA:96,1
DA:97,1
DA:99,1
DA:100,1
DA:101,1
DA:102,1
DA:105,1
DA:106,1
LF:43
LH:43
FN:16,22,RangeCollection.__init__
FNDA:1,RangeCollection.__init__
FN:24,27,RangeCollection.__repr__
FNDA:1,RangeCollection.__repr__
FN:29,30,RangeCollection.__len__
FNDA:1,RangeCollection.__len__
FN:32,33,RangeCollection.__iter__
FNDA:1,RangeCollection.__iter__
FN:35,49,RangeCollection.get_address
FNDA:1,RangeCollection.get_address
FN:51,68,RangeCollection.iter_addresses
FNDA:1,RangeCollection.iter_addresses
FN:71,83,RangeCollection.api
FNDA:1,RangeCollection.api
FN:86,106,_iter_ranges_from_index
FNDA:1,_iter_ranges_from_index
FNF:8
FNH:8
end_of_record
SF:src\xlviews\dataframes\__init__.py
end_of_record
SF:src\xlviews\dataframes\colorbar.py
DA:1,1
DA:3,1
DA:5,1
DA:7,1
DA:8,1
DA:9,1
DA:10,1
DA:11,1
DA:25,1
DA:26,1
DA:27,1
DA:28,1
DA:29,1
DA:30,1
DA:31,1
DA:33,1
DA:41,1
DA:42,1
DA:44,1
DA:45,1
DA:46,1
DA:47,1
DA:48,1
DA:51,1
DA:52,1
DA:53,1
DA:54,1
DA:56,1
DA:63,1
DA:64,1
DA:65,1
DA:66,1
DA:67,1
DA:68,1
DA:70,1
DA:72,1
DA:73,1
DA:75,1
DA:77,1
DA:78,1
DA:79,1
DA:80,1
DA:82,1
DA:83,1
DA:84,1
DA:85,1
DA:87,1
DA:88,1
DA:89,1
DA:90,1
DA:91,1
DA:93,1
DA:95,1
DA:96,1
DA:97,1
DA:98,1
DA:99,1
DA:101,1
DA:103,1
DA:104,1
DA:105,1
DA:106,1
DA:108,1
DA:109,1
DA:110,1
DA:111,1
DA:112,1
DA:113,1
DA:115,1
DA:116,1
DA:117,1
DA:118,1
DA:119,1
DA:120,1
DA:121,1
DA:123,1
DA:124,1
DA:126,1
DA:127,1
DA:128,1
DA:129,1
DA:130,1
DA:132,1
DA:134,1
DA:135,1
DA:136,1
DA:138,1
DA:139,1
DA:141,1
DA:142,1
DA:143,1
DA:144,1
DA:146,1
DA:147,1
DA:149,1
DA:150,1
DA:152,1
DA:154,1
DA:155,1
DA:157,1
LF:100
LH:100
FN:33,54,Colorbar.__init__
FNDA:1,Colorbar.__init__
FN:56,75,Colorbar.set
FNDA:1,Colorbar.set
FN:78,80,Colorbar.vmin
FNDA:1,Colorbar.vmin
FN:83,85,Colorbar.vmax
FNDA:1,Colorbar.vmax
FN:88,93,Colorbar.vmin
FNDA:1,Colorbar.vmin
FN:96,101,Colorbar.vmax
FNDA:1,Colorbar.vmax
FN:104,106,Colorbar.label
FNDA:1,Colorbar.label
FN:109,113,Colorbar.label
FNDA:1,Colorbar.label
FN:115,136,Colorbar.draw
FNDA:1,Colorbar.draw
FN:138,139,Colorbar.apply
FNDA:1,Colorbar.apply
FN:141,150,Colorbar.autofit
FNDA:1,Colorbar.autofit
FN:152,157,Colorbar.set_adjacent_column_width
FNDA:1,Colorbar.set_adjacent_column_width
FNF:12
FNH:12
end_of_record
SF:src\xlviews\dataframes\dist_frame.py
DA:1,1
DA:3,1
DA:5,1
DA:6,1
DA:8,1
DA:9,1
DA:11,1
DA:14,1
DA:15,1
DA:17,1
DA:18,1
DA:25,1
DA:26,1
DA:27,1
DA:28,1
DA:30,1
DA:32,1
DA:33,1
DA:34,1
DA:35,1
DA:36,1
DA:38,1
DA:40,1
DA:41,1
DA:42,1
DA:44,1
DA:50,1
DA:51,1
DA:52,1
DA:54,1
DA:55,1
DA:56,1
DA:58,1
DA:59,1
DA:60,1
DA:62,1
DA:63,1
DA:65,1
DA:66,1
DA:68,1
DA:69,1
DA:71,1
DA:72,1
DA:74,1
DA:75,1
DA:77,1
DA:78,1
DA:79,1
DA:80,1
DA:178,1
DA:179,1
DA:180,1
DA:182,1
DA:183,1
DA:184,1
DA:185,1
DA:187,1
DA:188,1
DA:189,1
DA:191,1
DA:194,1
DA:195,1
DA:196,1
DA:197,1
DA:200,1
DA:201,1
DA:202,1
DA:204,1
DA:205,1
DA:206,1
DA:208,1
DA:211,1
DA:212,1
DA:213,1
DA:214,1
DA:217,1
DA:218,1
DA:219,1
DA:220,1
DA:221,1
DA:224,1
DA:225,1
DA:226,1
DA:228,1
DA:229,1
DA:231,1
DA:232,1
DA:234,1
DA:235,1
DA:238,1
DA:239,1
DA:240,1
LF:92
LH:92
FN:18,42,DistFrame.__init__
FNDA:1,DistFrame.__init__
FN:44,80,DistFrame.set_values
FNDA:1,DistFrame.set_values
FN:178,191,select_index
FNDA:1,select_index
FN:194,197,get_init_data
FNDA:1,get_init_data
FN:200,208,get_dist_func
FNDA:1,get_dist_func
FN:211,214,counter
FNDA:1,counter
FN:217,221,sorted_value
FNDA:1,sorted_value
FN:224,235,sigma_value
FNDA:1,sigma_value
FN:238,240,set_formula
FNDA:1,set_formula
FNF:9
FNH:9
end_of_record
SF:src\xlviews\dataframes\groupby.py
DA:1,1
DA:3,1
DA:4,1
DA:6,1
DA:7,1
DA:8,1
DA:10,1
DA:11,1
DA:12,1
DA:13,1
DA:20,1
DA:21,1
DA:24,1
DA:25,1
DA:27,1
DA:28,1
DA:30,1
DA:33,1
DA:37,1
DA:38,1
DA:40,1
DA:42,1
DA:44,1
DA:45,1
DA:47,1
DA:48,1
DA:50,1
DA:52,1
DA:53,1
DA:55,1
DA:58,1
DA:65,1
DA:68,1
DA:69,1
DA:70,1
DA:71,1
DA:73,1
DA:74,1
DA:76,1
DA:77,1
DA:79,1
DA:80,1
DA:83,1
DA:84,1
DA:85,1
DA:86,1
DA:88,1
DA:95,1
DA:96,1
DA:97,1
DA:99,1
DA:100,1
DA:102,1
DA:103,1
DA:105,1
DA:106,1
DA:108,1
DA:109,1
DA:111,1
DA:112,1
DA:114,1
DA:115,1
DA:117,1
DA:127,1
DA:128,1
DA:129,1
DA:132,1
DA:133,1
DA:134,1
DA:136,1
DA:146,1
DA:147,1
DA:149,1
DA:150,1
DA:152,1
DA:154,1
DA:165,1
DA:168,1
DA:169,1
DA:170,1
DA:171,1
DA:173,1
DA:175,1
DA:176,1
DA:178,1
DA:187,1
DA:196,1
DA:197,1
DA:198,1
DA:199,1
DA:201,1
DA:202,1
DA:203,1
DA:205,1
DA:206,1
DA:207,1
DA:209,1
DA:210,1
DA:211,1
DA:212,1
DA:213,1
DA:214,1
DA:216,1
DA:217,1
DA:218,1
LF:105
LH:105
FN:24,30,to_dict
FNDA:1,to_dict
FN:33,55,create_group_index
FNDA:1,create_group_index
FN:58,80,groupby
FNDA:1,groupby
FN:88,97,GroupBy.__init__
FNDA:1,GroupBy.__init__
FN:99,100,GroupBy.__len__
FNDA:1,GroupBy.__len__
FN:102,103,GroupBy.keys
FNDA:1,GroupBy.keys
FN:105,106,GroupBy.values
FNDA:1,GroupBy.values
FN:108,109,GroupBy.items
FNDA:1,GroupBy.items
FN:111,112,GroupBy.__iter__
FNDA:1,GroupBy.__iter__
FN:114,115,GroupBy.__getitem__
FNDA:1,GroupBy.__getitem__
FN:117,152,GroupBy.index
FNDA:1,GroupBy.index
FN:154,207,GroupBy.agg
FNDA:1,GroupBy.agg
FN:209,218,GroupBy._agg
FNDA:1,GroupBy._agg
FNF:13
FNH:13
end_of_record
SF:src\xlviews\dataframes\heat_frame.py
DA:1,1
DA:3,1
DA:5,1
DA:7,1
DA:8,1
DA:9,1
DA:10,1
DA:11,1
DA:13,1
DA:14,1
DA:26,1
DA:27,1
DA:28,1
DA:29,1
DA:31,1
DA:32,1
DA:41,1
DA:43,1
DA:45,1
DA:47,1
DA:48,1
DA:49,1
DA:51,1
DA:52,1
DA:54,1
DA:59,1
DA:61,1
DA:62,1
DA:63,1
DA:64,1
DA:66,1
DA:67,1
DA:69,1
DA:77,1
DA:78,1
DA:80,1
DA:81,1
DA:82,1
DA:84,1
DA:91,1
DA:92,1
DA:93,1
DA:95,1
DA:96,1
DA:97,1
DA:98,1
DA:100,1
DA:101,1
DA:102,1
DA:104,1
DA:105,1
DA:114,1
DA:115,1
DA:116,1
DA:117,1
DA:119,1
DA:120,1
DA:132,1
DA:133,1
DA:134,1
DA:135,1
DA:137,1
DA:138,1
DA:140,1
DA:141,1
DA:143,1
DA:144,1
DA:146,1
DA:147,1
DA:148,1
DA:149,1
DA:151,1
DA:153,1
DA:154,1
DA:157,1
DA:158,1
DA:160,1
DA:161,1
DA:163,1
DA:164,1
DA:166,1
DA:168,1
DA:171,1
DA:177,1
DA:178,1
DA:179,1
DA:181,1
DA:182,1
DA:184,1
DA:185,1
DA:186,1
DA:188,1
DA:189,1
DA:192,1
DA:195,1
DA:200,1
DA:201,1
DA:203,1
DA:204,1
DA:206,1
LF:100
LH:100
FN:32,52,HeatFrame.__init__
FNDA:1,HeatFrame.__init__
FN:54,67,HeatFrame.set
FNDA:1,HeatFrame.set
FN:69,78,HeatFrame.style
FNDA:1,HeatFrame.style
FN:80,82,HeatFrame.number_format
FNDA:1,HeatFrame.number_format
FN:84,102,HeatFrame.colorbar
FNDA:1,HeatFrame.colorbar
FN:105,117,HeatFrame.facet
FNDA:1,HeatFrame.facet
FN:120,154,HeatFrame.pair
FNDA:1,HeatFrame.pair
FN:157,168,clean_data
FNDA:1,clean_data
FN:171,192,iterrows
FNDA:1,iterrows
FN:195,206,xs
FNDA:1,xs
FNF:10
FNH:10
end_of_record
SF:src\xlviews\dataframes\sheet_frame.py
DA:3,1
DA:5,1
DA:6,1
DA:7,1
DA:9,1
DA:10,1
DA:11,1
DA:12,1
DA:13,1
DA:14,1
DA:15,1
DA:17,1
DA:18,1
DA:19,1
DA:20,1
DA:21,1
DA:22,1
DA:24,1
DA:25,1
DA:26,1
DA:35,1
DA:38,1
DA:39,1
DA:40,1
DA:41,1
DA:42,1
DA:44,1
DA:45,1
DA:60,1
DA:61,1
DA:63,1
DA:64,1
DA:66,1
DA:68,1
DA:69,1
DA:71,1
DA:72,1
DA:73,1
DA:74,1
DA:76,1
DA:77,1
DA:78,1
DA:79,1
DA:81,1
DA:82,1
DA:84,1
DA:85,1
DA:86,1
DA:88,1
DA:90,1
DA:91,1
DA:93,1
DA:94,1
DA:96,1
DA:98,1
DA:99,1
DA:101,1
DA:103,1
DA:104,1
DA:105,1
DA:107,1
DA:108,1
DA:109,1
DA:111,1
DA:112,1
DA:113,1
DA:115,1
DA:116,1
DA:117,1
DA:118,1
DA:119,1
DA:120,1
DA:122,1
DA:125,1
DA:127,1
DA:128,1
DA:129,1
DA:131,1
DA:133,1
DA:134,1
DA:136,1
DA:137,1
DA:139,1
DA:144,1
DA:145,1
DA:151,1
DA:152,1
DA:153,1
DA:154,1
DA:155,1
DA:156,1
DA:158,1
DA:159,1
DA:161,1
DA:162,1
DA:168,1
DA:169,1
DA:175,1
DA:180,1
DA:183,1
DA:184,1
DA:185,1
DA:186,1
DA:187,1
DA:188,1
DA:189,1
DA:190,1
DA:191,1
DA:192,1
DA:193,1
DA:195,1
DA:196,1
DA:197,1
DA:198,1
DA:199,1
DA:201,1
DA:202,1
DA:204,1
DA:205,1
DA:206,1
DA:207,1
DA:208,1
DA:210,1
DA:211,1
DA:213,1
DA:214,1
DA:215,1
DA:216,1
DA:218,1
DA:219,1
DA:222,1
DA:224,1
DA:233,1
DA:236,1
DA:237,1
DA:238,1
DA:240,1
DA:241,1
DA:243,1
DA:244,1
DA:245,1
DA:246,1
DA:248,1
DA:249,1
DA:250,1
DA:252,1
DA:253,1
DA:255,1
DA:273,1
DA:276,1
DA:277,1
DA:278,1
DA:279,1
DA:280,1
DA:282,1
DA:283,1
DA:284,1
DA:285,1
DA:287,1
DA:288,1
DA:290,1
DA:291,1
DA:293,1
DA:310,1
DA:313,1
DA:314,1
DA:315,1
DA:316,1
DA:318,1
DA:319,1
DA:320,1
DA:323,1
DA:324,1
DA:326,1
DA:328,1
DA:329,1
DA:331,1
DA:332,1
DA:334,1
DA:335,1
DA:337,1
DA:338,1
DA:340,1
DA:341,1
DA:343,1
DA:344,1
DA:354,1
DA:355,1
DA:365,1
DA:374,1
DA:375,1
DA:376,1
DA:378,1
DA:380,1
DA:382,1
DA:383,1
DA:385,1
DA:395,1
DA:396,1
DA:398,1
DA:400,1
DA:401,1
DA:412,1
DA:413,1
DA:424,1
DA:434,1
DA:435,1
DA:436,1
DA:447,1
DA:448,1
DA:449,1
DA:450,1
DA:452,1
DA:453,1
DA:454,1
DA:455,1
DA:456,1
DA:458,1
DA:460,1
DA:461,1
DA:463,1
DA:472,1
DA:473,1
DA:474,1
DA:476,1
DA:477,1
DA:478,1
DA:480,1
DA:481,1
DA:483,1
DA:484,1
DA:485,1
DA:486,1
DA:488,1
DA:490,1
DA:501,1
DA:511,1
DA:512,1
DA:513,1
DA:515,1
DA:516,1
DA:517,1
DA:518,1
DA:519,1
DA:521,1
DA:523,1
DA:535,1
DA:536,1
DA:551,1
DA:552,1
DA:554,1
DA:555,1
DA:564,1
DA:565,1
DA:567,1
DA:569,1
DA:570,1
DA:571,1
DA:573,1
DA:575,1
DA:585,1
DA:587,1
DA:588,1
DA:590,1
DA:591,1
DA:592,1
DA:593,1
DA:594,1
DA:596,1
DA:603,1
DA:604,1
DA:606,1
DA:607,1
DA:609,1
DA:610,1
DA:611,1
DA:612,1
DA:614,1
DA:615,1
DA:616,1
DA:617,1
DA:618,1
DA:619,1
DA:620,1
DA:622,1
DA:623,1
DA:624,1
DA:625,1
DA:626,1
DA:627,1
DA:632,1
DA:634,1
DA:635,1
DA:636,1
DA:637,1
DA:639,1
DA:640,1
DA:641,1
DA:642,1
DA:643,1
DA:645,1
DA:646,1
DA:647,1
DA:648,1
DA:649,1
DA:650,1
DA:652,1
DA:654,1
DA:655,1
DA:657,1
DA:659,1
DA:661,1
DA:662,1
DA:664,1
DA:671,1
DA:672,1
DA:674,1
DA:677,1
DA:679,1
DA:680,1
DA:682,1
DA:689,1
DA:691,1
DA:693,1
DA:694,1
DA:695,1
DA:696,1
DA:698,1
DA:701,1
DA:713,1
DA:714,1
DA:715,1
DA:717,1
DA:718,1
DA:720,1
DA:723,1
DA:724,1
DA:725,1
DA:727,1
DA:728,1
DA:730,1
DA:731,1
DA:733,1
DA:736,1
DA:737,1
DA:738,1
DA:740,1
DA:741,1
DA:742,1
DA:744,1
DA:745,1
DA:747,1
DA:748,1
DA:749,1
DA:751,1
LF:355
LH:355
FN:45,69,SheetFrame.__init__
FNDA:1,SheetFrame.__init__
FN:71,74,SheetFrame.expand
FNDA:1,SheetFrame.expand
FN:76,79,SheetFrame.__repr__
FNDA:1,SheetFrame.__repr__
FN:81,82,SheetFrame.__len__
FNDA:1,SheetFrame.__len__
FN:84,88,SheetFrame.__contains__
FNDA:1,SheetFrame.__contains__
FN:90,91,SheetFrame.__iter__
FNDA:1,SheetFrame.__iter__
FN:94,96,SheetFrame.row
FNDA:1,SheetFrame.row
FN:99,101,SheetFrame.column
FNDA:1,SheetFrame.column
FN:104,105,SheetFrame.shape
FNDA:1,SheetFrame.shape
FN:108,109,SheetFrame.height
FNDA:1,SheetFrame.height
FN:112,113,SheetFrame.width
FNDA:1,SheetFrame.width
FN:116,125,SheetFrame.value
FNDA:1,SheetFrame.value
FN:127,131,SheetFrame.get_loc
FNDA:1,SheetFrame.get_loc
FN:134,134,SheetFrame.get_indexer
FNDA:1,SheetFrame.get_indexer
FN:137,137,SheetFrame.get_indexer
FNDA:1,SheetFrame.get_indexer
FN:139,159,SheetFrame.get_indexer
FNDA:1,SheetFrame.get_indexer
FN:162,166,SheetFrame.get_range
FNDA:0,SheetFrame.get_range
FN:169,173,SheetFrame.get_range
FNDA:0,SheetFrame.get_range
FN:175,202,SheetFrame.get_range
FNDA:1,SheetFrame.get_range
FN:204,222,SheetFrame.iter_ranges
FNDA:1,SheetFrame.iter_ranges
FN:224,253,SheetFrame.add_column
FNDA:1,SheetFrame.add_column
FN:255,291,SheetFrame.add_wide_column
FNDA:1,SheetFrame.add_wide_column
FN:293,341,SheetFrame.add_formula_column
FNDA:1,SheetFrame.add_formula_column
FN:344,352,SheetFrame.get_address
FNDA:0,SheetFrame.get_address
FN:355,363,SheetFrame.get_address
FNDA:0,SheetFrame.get_address
FN:365,398,SheetFrame.get_address
FNDA:1,SheetFrame.get_address
FN:401,410,SheetFrame.agg
FNDA:0,SheetFrame.agg
FN:413,422,SheetFrame.agg
FNDA:0,SheetFrame.agg
FN:424,481,SheetFrame.agg
FNDA:1,SheetFrame.agg
FN:483,488,SheetFrame._agg
FNDA:1,SheetFrame._agg
FN:490,521,SheetFrame.melt
FNDA:1,SheetFrame.melt
FN:523,585,SheetFrame.pivot_table
FNDA:1,SheetFrame.pivot_table
FN:587,588,SheetFrame.groupby
FNDA:1,SheetFrame.groupby
FN:590,594,SheetFrame.get_number_format
FNDA:1,SheetFrame.get_number_format
FN:596,632,SheetFrame.number_format
FNDA:1,SheetFrame.number_format
FN:634,637,SheetFrame.style
FNDA:1,SheetFrame.style
FN:639,643,SheetFrame.autofit
FNDA:1,SheetFrame.autofit
FN:645,650,SheetFrame.alignment
FNDA:1,SheetFrame.alignment
FN:652,655,SheetFrame.set_adjacent_column_width
FNDA:1,SheetFrame.set_adjacent_column_width
FN:657,659,SheetFrame.get_adjacent_cell
FNDA:1,SheetFrame.get_adjacent_cell
FN:661,662,SheetFrame.move
FNDA:1,SheetFrame.move
FN:664,691,SheetFrame.as_table
FNDA:1,SheetFrame.as_table
FN:693,698,SheetFrame.unlist
FNDA:1,SheetFrame.unlist
FN:701,720,move
FNDA:1,move
FN:723,733,_move_down
FNDA:1,_move_down
FN:736,751,_move_right
FNDA:1,_move_right
FNF:46
FNH:40
end_of_record
SF:src\xlviews\dataframes\stats_frame.py
DA:1,1
DA:3,1
DA:4,1
DA:5,1
DA:7,1
DA:8,1
DA:9,1
DA:10,1
DA:11,1
DA:13,1
DA:14,1
DA:17,1
DA:18,1
DA:19,1
DA:42,1
DA:43,1
DA:44,1
DA:47,1
DA:48,1
DA:49,1
DA:50,1
DA:52,1
DA:54,1
DA:55,1
DA:57,1
DA:59,1
DA:60,1
DA:62,1
DA:63,1
DA:65,1
DA:67,1
DA:68,1
DA:69,1
DA:72,1
DA:73,1
DA:74,1
DA:75,1
DA:76,1
DA:77,1
DA:79,1
DA:82,1
DA:83,1
DA:84,1
DA:86,1
DA:89,1
DA:90,1
DA:92,1
DA:93,1
DA:95,1
DA:98,1
DA:103,1
DA:104,1
DA:106,1
DA:107,1
DA:109,1
DA:110,1
DA:111,1
DA:113,1
DA:114,1
DA:117,1
DA:118,1
DA:119,1
DA:120,1
DA:122,1
DA:125,1
DA:128,1
DA:129,1
DA:130,1
DA:132,1
DA:133,1
DA:135,1
DA:136,1
DA:137,1
DA:138,1
DA:141,1
DA:142,1
DA:144,1
DA:145,1
DA:147,1
DA:148,1
DA:149,1
DA:151,1
DA:152,1
DA:154,1
DA:155,1
DA:156,1
DA:158,1
DA:159,1
DA:161,1
DA:162,1
LF:90
LH:90
FN:19,69,StatsFrame.__init__
FNDA:1,StatsFrame.__init__
FN:72,79,get_func
FNDA:1,get_func
FN:82,86,get_by
FNDA:1,get_by
FN:89,95,get_length
FNDA:1,get_length
FN:98,114,get_frame
FNDA:1,get_frame
FN:117,125,has_header
FNDA:1,has_header
FN:128,138,move_down
FNDA:1,move_down
FN:141,162,set_style
FNDA:1,set_style
FNF:8
FNH:8
end_of_record
SF:src\xlviews\dataframes\style.py
DA:3,1
DA:5,1
DA:6,1
DA:8,1
DA:9,1
DA:11,1
DA:12,1
DA:23,1
DA:36,1
DA:46,1
DA:48,1
DA:49,1
DA:50,1
DA:51,1
DA:53,1
DA:54,1
DA:56,1
DA:57,1
DA:58,1
DA:59,1
DA:60,1
DA:63,1
DA:64,1
DA:87,1
DA:88,1
DA:90,1
DA:98,1
DA:99,1
DA:100,1
DA:102,1
DA:103,1
DA:104,1
DA:106,1
DA:108,1
DA:109,1
DA:110,1
DA:112,1
DA:113,1
DA:114,1
DA:116,1
DA:117,1
DA:118,1
DA:119,1
DA:121,1
DA:123,1
DA:124,1
DA:125,1
DA:127,1
DA:128,1
DA:129,1
DA:131,1
DA:133,1
DA:134,1
DA:136,1
DA:138,1
DA:139,1
DA:140,1
DA:141,1
DA:143,1
DA:144,1
DA:147,1
DA:148,1
DA:149,1
DA:151,1
DA:152,1
DA:153,1
DA:154,1
DA:157,1
DA:159,1
DA:160,1
DA:161,1
DA:162,1
DA:164,1
DA:166,1
DA:167,1
DA:168,1
DA:169,1
DA:172,1
DA:177,1
DA:179,1
DA:180,1
DA:181,1
DA:182,1
DA:183,1
DA:184,1
DA:185,1
DA:186,1
DA:188,1
DA:191,1
DA:192,1
DA:211,1
DA:212,1
DA:214,1
DA:222,1
DA:223,1
DA:224,1
DA:226,1
DA:227,1
DA:228,1
DA:230,1
DA:232,1
DA:233,1
DA:234,1
DA:236,1
DA:237,1
DA:238,1
DA:240,1
DA:242,1
DA:243,1
DA:245,1
DA:246,1
DA:247,1
DA:250,1
DA:251,1
DA:252,1
DA:253,1
DA:254,1
DA:255,1
DA:257,1
DA:260,1
DA:261,1
DA:262,1
DA:264,1
DA:266,1
DA:267,1
DA:268,1
DA:269,1
DA:271,1
DA:272,1
LF:129
LH:129
FN:36,60,_set_style
FNDA:1,_set_style
FN:64,144,set_frame_style
FNDA:1,set_frame_style
FN:147,169,set_wide_column_style
FNDA:1,set_wide_column_style
FN:172,188,set_table_style
FNDA:1,set_table_style
FN:192,247,set_heat_frame_style
FNDA:1,set_heat_frame_style
FN:250,257,_merge_index
FNDA:1,_merge_index
FN:260,272,_set_heat_border
FNDA:1,_set_heat_border
FNF:7
FNH:7
end_of_record
SF:src\xlviews\dataframes\table.py
DA:1,1
DA:3,1
DA:5,1
DA:6,1
DA:8,1
DA:9,1
DA:11,1
DA:18,1
DA:19,1
DA:20,1
DA:21,1
DA:23,1
DA:34,1
DA:35,1
DA:37,1
DA:43,1
DA:44,1
DA:45,1
DA:47,1
DA:49,1
DA:51,1
DA:52,1
DA:54,1
DA:55,1
DA:57,1
DA:58,1
DA:60,1
DA:61,1
DA:62,1
DA:63,1
DA:64,1
DA:66,1
DA:67,1
DA:68,1
DA:69,1
DA:71,1
DA:72,1
DA:73,1
DA:75,1
DA:76,1
DA:77,1
DA:79,1
DA:82,1
DA:84,1
DA:97,1
DA:98,1
DA:100,1
DA:101,1
DA:102,1
DA:103,1
DA:104,1
DA:106,1
DA:120,1
DA:121,1
DA:122,1
DA:123,1
DA:125,1
DA:126,1
DA:128,1
DA:129,1
DA:131,1
DA:133,1
DA:135,1
DA:136,1
DA:138,1
DA:139,1
DA:145,1
DA:146,1
DA:153,1
DA:154,1
DA:157,1
DA:159,1
DA:161,1
DA:162,1
DA:163,1
LF:75
LH:75
FN:23,58,Table.__init__
FNDA:1,Table.__init__
FN:61,64,Table.column
FNDA:1,Table.column
FN:67,69,Table.header
FNDA:1,Table.header
FN:72,73,Table.const_header
FNDA:1,Table.const_header
FN:76,82,Table.columns
FNDA:1,Table.columns
FN:84,104,Table.add_const_header
FNDA:1,Table.add_const_header
FN:106,157,Table.auto_filter
FNDA:1,Table.auto_filter
FN:159,163,Table.unlist
FNDA:1,Table.unlist
FNF:8
FNH:8
end_of_record
SF:src\xlviews\figure\__init__.py
end_of_record
SF:src\xlviews\figure\grid.py
DA:1,1
DA:3,1
DA:12,1
DA:13,1
DA:15,1
DA:22,1
DA:23,1
DA:24,1
DA:26,1
DA:27,1
DA:28,1
DA:29,1
DA:31,1
DA:32,1
DA:34,1
DA:36,1
DA:37,1
DA:39,1
DA:40,1
DA:42,1
DA:43,1
DA:44,1
DA:46,1
DA:47,1
DA:49,1
DA:50,1
DA:52,1
DA:53,1
DA:55,1
DA:56,1
DA:59,1
DA:60,1
DA:62,1
DA:68,1
DA:69,1
DA:70,1
DA:72,1
DA:73,1
DA:74,1
DA:75,1
DA:77,1
DA:78,1
DA:79,1
DA:80,1
DA:81,1
DA:82,1
DA:84,1
DA:85,1
DA:86,1
DA:87,1
DA:89,1
DA:90,1
DA:91,1
DA:92,1
DA:93,1
DA:95,1
DA:96,1
DA:98,1
DA:99,1
DA:101,1
DA:102,1
DA:104,1
DA:105,1
DA:107,1
DA:108,1
DA:110,1
DA:111,1
DA:112,1
DA:114,1
DA:115,1
DA:116,1
DA:117,1
DA:119,1
DA:120,1
DA:122,1
DA:123,1
DA:125,1
DA:126,1
DA:128,1
DA:129,1
DA:131,1
DA:132,1
DA:134,1
DA:135,1
DA:136,1
LF:85
LH:85
FN:15,34,Series.__init__
FNDA:1,Series.__init__
FN:37,37,Series.__getitem__
FNDA:1,Series.__getitem__
FN:40,40,Series.__getitem__
FNDA:1,Series.__getitem__
FN:42,50,Series.__getitem__
FNDA:1,Series.__getitem__
FN:52,53,Series.__len__
FNDA:1,Series.__len__
FN:55,56,Series.__iter__
FNDA:1,Series.__iter__
FN:62,87,Grid.__init__
FNDA:1,Grid.__init__
FN:90,93,Grid.shape
FNDA:1,Grid.shape
FN:96,96,Grid.__getitem__
FNDA:1,Grid.__getitem__
FN:99,99,Grid.__getitem__
FNDA:1,Grid.__getitem__
FN:102,102,Grid.__getitem__
FNDA:1,Grid.__getitem__
FN:105,105,Grid.__getitem__
FNDA:1,Grid.__getitem__
FN:108,108,Grid.__getitem__
FNDA:1,Grid.__getitem__
FN:110,129,Grid.__getitem__
FNDA:1,Grid.__getitem__
FN:131,132,Grid.__len__
FNDA:1,Grid.__len__
FN:134,136,Grid.__iter__
FNDA:1,Grid.__iter__
FNF:16
FNH:16
end_of_record
SF:src\xlviews\figure\palette.py
DA:1,1
DA:3,1
DA:4,1
DA:5,1
DA:6,1
DA:8,1
DA:10,1
DA:18,1
DA:21,1
DA:26,1
DA:27,1
DA:29,1
DA:30,1
DA:32,1
DA:33,1
DA:35,1
DA:36,1
DA:37,1
DA:39,1
DA:42,1
DA:46,1
DA:47,1
DA:49,1
DA:50,1
DA:52,1
DA:53,1
DA:55,1
DA:56,1
DA:57,1
DA:58,1
DA:59,1
DA:61,1
DA:63,1
DA:64,1
DA:65,1
DA:67,1
DA:68,1
DA:69,1
DA:70,1
DA:72,1
DA:75,1
DA:78,1
DA:79,1
DA:80,1
DA:82,1
DA:88,1
DA:89,1
DA:90,1
DA:92,1
DA:93,1
DA:95,1
DA:96,1
DA:99,1
DA:100,1
DA:101,1
DA:103,1
DA:105,1
DA:106,1
DA:107,1
DA:109,1
DA:111,1
DA:114,1
DA:115,1
DA:117,1
DA:120,1
DA:122,1
DA:123,1
DA:125,1
DA:126,1
DA:127,1
DA:128,1
DA:131,1
DA:132,1
DA:134,1
DA:137,1
DA:139,1
DA:140,1
DA:142,1
DA:143,1
DA:144,1
DA:147,1
DA:148,1
DA:149,1
DA:151,1
DA:152,1
DA:153,1
DA:155,1
DA:156,1
DA:157,1
DA:159,1
DA:160,1
DA:163,1
DA:175,1
DA:181,1
DA:182,1
DA:184,1
DA:185,1
DA:187,1
DA:188,1
DA:189,1
DA:190,1
DA:192,1
DA:193,1
DA:195,1
DA:196,1
DA:198,1
DA:199,1
DA:200,1
DA:201,1
DA:203,1
DA:205,1
DA:207,1
DA:208,1
DA:210,1
DA:211,1
DA:212,1
DA:213,1
DA:214,1
DA:216,1
DA:219,1
DA:223,1
DA:226,1
DA:230,1
LF:123
LH:123
FN:21,39,get_columns_default
FNDA:1,get_columns_default
FN:42,72,get_index
FNDA:1,get_index
FN:82,93,Palette.__init__
FNDA:1,Palette.__init__
FN:96,97,Palette.cycle
FNDA:0,Palette.cycle
FN:99,103,Palette.get
FNDA:1,Palette.get
FN:105,111,Palette.__getitem__
FNDA:1,Palette.__getitem__
FN:115,117,MarkerPalette.cycle
FNDA:1,MarkerPalette.cycle
FN:120,128,cycle_markers
FNDA:1,cycle_markers
FN:132,134,ColorPalette.cycle
FNDA:1,ColorPalette.cycle
FN:137,144,cycle_colors
FNDA:1,cycle_colors
FN:151,153,FunctionPalette.__init__
FNDA:1,FunctionPalette.__init__
FN:155,160,FunctionPalette.__getitem__
FNDA:1,FunctionPalette.__getitem__
FN:175,216,get_palette
FNDA:1,get_palette
FN:219,223,get_marker_palette
FNDA:1,get_marker_palette
FN:226,230,get_color_palette
FNDA:1,get_color_palette
FNF:15
FNH:14
end_of_record
SF:src\xlviews\figure\plot.py
DA:1,1
DA:3,1
DA:4,1
DA:5,1
DA:7,1
DA:8,1
DA:10,1
DA:19,1
DA:22,1
DA:23,1
DA:24,1
DA:25,1
DA:26,1
DA:28,1
DA:29,1
DA:31,1
DA:32,1
DA:34,1
DA:36,1
DA:42,1
DA:43,1
DA:45,1
DA:46,1
DA:48,1
DA:49,1
DA:50,1
DA:51,1
DA:52,1
DA:53,1
DA:55,1
DA:57,1
DA:58,1
DA:60,1
DA:61,1
DA:63,1
DA:72,1
DA:73,1
DA:75,1
DA:76,1
DA:85,1
DA:87,1
DA:88,1
DA:95,1
DA:96,1
DA:97,1
DA:98,1
DA:100,1
DA:101,1
DA:102,1
DA:103,1
DA:105,1
DA:106,1
DA:108,1
DA:109,1
DA:111,1
DA:113,1
DA:116,1
DA:117,1
DA:118,1
DA:120,1
DA:121,1
DA:123,1
DA:124,1
DA:127,1
DA:131,1
DA:132,1
DA:133,1
DA:135,1
DA:136,1
DA:138,1
DA:139,1
DA:140,1
DA:142,1
DA:143,1
DA:146,1
DA:147,1
DA:148,1
DA:150,1
LF:78
LH:78
FN:28,34,Plot.__init__
FNDA:1,Plot.__init__
FN:36,55,Plot.add
FNDA:1,Plot.add
FN:57,61,Plot.keys
FNDA:1,Plot.keys
FN:63,85,Plot.set
FNDA:1,Plot.set
FN:88,113,Plot.facet
FNDA:1,Plot.facet
FN:116,124,get_label
FNDA:1,get_label
FN:127,143,iterrows
FNDA:1,iterrows
FN:146,150,xs
FNDA:1,xs
FNF:8
FNH:8
end_of_record
SF:src\xlviews\style.py
DA:3,1
DA:5,1
DA:7,1
DA:8,1
DA:9,1
DA:10,1
DA:17,1
DA:18,1
DA:19,1
DA:20,1
DA:28,1
DA:34,1
DA:35,1
DA:37,1
DA:38,1
DA:39,1
DA:40,1
DA:41,1
DA:44,1
DA:49,1
DA:50,1
DA:52,1
DA:54,1
DA:55,1
DA:57,1
DA:58,1
DA:60,1
DA:61,1
DA:63,1
DA:64,1
DA:66,1
DA:67,1
DA:70,1
DA:75,1
DA:76,1
DA:79,1
DA:86,1
DA:87,1
DA:89,1
DA:90,1
DA:93,1
DA:97,1
DA:98,1
DA:101,1
DA:110,1
DA:111,1
DA:112,1
DA:113,1
DA:114,1
DA:115,1
DA:116,1
DA:117,1
DA:118,1
DA:119,1
DA:120,1
DA:123,1
DA:132,1
DA:133,1
DA:136,1
DA:141,1
DA:142,1
DA:144,1
DA:145,1
DA:148,1
DA:149,1
DA:152,1
DA:153,1
DA:156,1
DA:162,1
DA:163,1
DA:164,1
DA:166,1
DA:167,1
DA:169,1
DA:170,1
DA:171,1
DA:172,1
DA:174,1
DA:176,1
DA:177,1
DA:180,1
DA:183,1
DA:187,1
DA:189,1
DA:190,1
DA:191,1
DA:198,1
DA:203,1
DA:205,1
DA:206,1
DA:207,1
DA:208,1
DA:209,1
DA:212,1
DA:215,1
DA:220,1
DA:221,1
DA:223,1
DA:224,1
DA:225,1
DA:226,1
DA:227,1
DA:229,1
DA:230,1
DA:231,1
DA:232,1
DA:233,1
DA:234,1
DA:237,1
DA:238,1
DA:239,1
DA:242,1
DA:247,1
DA:248,1
DA:250,1
DA:251,1
DA:252,1
DA:253,1
DA:254,1
DA:257,1
DA:262,1
DA:263,1
DA:265,1
DA:266,1
DA:268,1
DA:269,1
DA:271,1
LF:127
LH:127
FN:28,41,set_border_line
FNDA:1,set_border_line
FN:44,67,set_border_edge
FNDA:1,set_border_edge
FN:70,76,set_border_inside
FNDA:1,set_border_inside
FN:79,90,set_border
FNDA:1,set_border
FN:93,98,set_fill
FNDA:1,set_fill
FN:101,120,set_font_api
FNDA:1,set_font_api
FN:123,133,set_font
FNDA:1,set_font
FN:136,145,set_alignment
FNDA:1,set_alignment
FN:148,149,set_number_format
FNDA:1,set_number_format
FN:156,177,set_banding
FNDA:1,set_banding
FN:162,172,set_banding.banding
FNDA:1,set_banding.banding
FN:183,209,hide_succession
FNDA:1,hide_succession
FN:215,234,hide_unique
FNDA:1,hide_unique
FN:220,221,hide_unique.address
FNDA:1,hide_unique.address
FN:237,239,hide_gridlines
FNDA:1,hide_gridlines
FN:242,254,set_color_condition
FNDA:1,set_color_condition
FN:257,271,set_color_scale
FNDA:1,set_color_scale
FNF:17
FNH:17
end_of_record
SF:src\xlviews\utils.py
DA:1,1
DA:3,1
DA:4,1
DA:6,1
DA:7,1
DA:8,1
DA:20,1
DA:31,1
DA:32,1
DA:33,1
DA:35,1
DA:37,1
DA:38,1
DA:40,1
DA:42,1
DA:45,1
DA:61,1
DA:62,1
DA:64,1
DA:66,1
DA:67,1
DA:68,1
DA:69,1
DA:70,1
DA:72,1
DA:75,1
DA:99,1
DA:100,1
DA:102,1
DA:103,1
DA:104,1
DA:107,1
DA:112,1
DA:113,1
DA:115,1
DA:116,1
DA:117,1
DA:119,1
DA:122,1
DA:123,1
DA:126,1
DA:129,1
DA:130,1
DA:131,1
DA:133,1
DA:134,1
DA:135,1
DA:137,1
DA:138,1
DA:140,1
DA:141,1
DA:143,1
LF:52
LH:52
FN:20,42,constant
FNDA:1,constant
FN:45,72,iter_columns
FNDA:1,iter_columns
FN:75,104,iter_group_locs
FNDA:1,iter_group_locs
FN:107,119,add_validate_list
FNDA:1,add_validate_list
FN:126,143,suspend_screen_updates
FNDA:1,suspend_screen_updates
FN:130,141,suspend_screen_updates._func
FNDA:1,suspend_screen_updates._func
FNF:6
FNH:6
end_of_record
